This file contains any messages produced by compilers while
running configure, to aid debugging if configure makes a mistake.

It was created by LHa for UNIX configure 1.14i-ac20050924, which was
generated by GNU Autoconf 2.59.  Invocation command line was

  $ ../lha-1.14i-ac20050924-src/configure --prefix=c:/progra~1/Lha --srcdir=../lha-1.14i-ac20050924-src --enable-text-conv --enable-indicator --enable-multibyte-filename --enable-user-name-header --enable-backup-archive --with-tmp-file=lhXXXXXX

## --------- ##
## Platform. ##
## --------- ##

hostname = gamma
uname -m = i686
uname -r = 1.5.18(0.132/4/2)
uname -s = CYGWIN_NT-5.1
uname -v = 2005-07-02 20:30

/usr/bin/uname -p = unknown
/bin/uname -X     = unknown

/bin/arch              = unknown
/usr/bin/arch -k       = unknown
/usr/convex/getsysinfo = unknown
hostinfo               = unknown
/bin/machine           = unknown
/usr/bin/oslevel       = unknown
/bin/universe          = unknown

PATH: /cygdrive/g/mingw/3.3.1/bin
PATH: /usr/bin
PATH: /usr/local/bin
PATH: /cygdrive/d/Util
PATH: /cygdrive/d/Program Files/GnuWin32/bin
PATH: /cygdrive/g/TeX/miktex/bin
PATH: /cygdrive/g/TeX/bin/win32
PATH: /cygdrive/c/WINDOWS/system32
PATH: /cygdrive/c/WINDOWS
PATH: /cygdrive/c/WINDOWS/System32/Wbem
PATH: /cygdrive/g/SFU/common/


## ----------- ##
## Core tests. ##
## ----------- ##

configure:1230: loading site script j:/config.site
| # These two variables are required, otherwise looking for
| # programs along the PATH will not work.
| PATH_SEPARATOR=:
| PATH_EXPAND=y
| PWD=`pwd.sh`
| 
| # This is required in for "test -f foo" to find foo.exe
| export TEST_FINDS_EXE=y
| 
| # Install programs
| INSTALL=${INSTALL:='/bin/install.exe -cp'}
| INSTALL_DATA=${INSTALL_DATA:='/bin/install.exe -cp'}
| INSTALL_PROGRAM=${INSTALL_PROGRAM:='/bin/install.exe -cp'}
| 
| # Do not detect fork even if a stub is provided
| ac_cv_func_fork=no
| ac_cv_func_vfork=no
| 
| ac_cv_func_fchdir=no
| 
| # Detect socket functions 
| ac_cv_func_gethostbyname=${ac_cv_func_gethostbyname:=yes}
| ac_cv_func_inet_ntoa=${ac_cv_func_inet_ntoa:=yes}
| ac_cv_func_gethostbyaddr=${ac_cv_func_gethostbyaddr:=yes}
| ac_cv_func_gethostname=${ac_cv_func_gethostname:=yes}
| ac_cv_func_connect=${ac_cv_func_connect:=yes}
| 
| ac_cv_func_ftruncate=${ac_cv_func_ftruncate:=yes}
| ac_cv_func_mkstemp=${ac_cv_func_mkstemp:=yes}
| ac_cv_var_tzname=${ac_cv_var_tzname:=yes}
| ac_cv_func_working_mktime=${ac_cv_func_working_mktime:=yes}
| 
| ac_cv_sys_file_offset_bits=${ac_cv_sys_file_offset_bits:=64}
| ac_cv_sys_large_files=${ac_cv_sys_large_files:=1}
| ac_cv_sys_largefile_source=${ac_cv_sys_largefile_source:=1}
| enable_largefile=${enable_largefile:=yes}
| 
| gl_cv_func_getcwd_null=${gl_cv_func_getcwd_null:=yes}
| gl_cv_func_chown_follows_symlink=${gl_cv_func_chown_follows_symlink:=yes}
| 
| # These are set here so the generated libtool will be good
| # for every installation, not only the one where the
| # package was configured.
| NM=${NM='nm'}
| LD=${LD='ld'}
| 
| # Force the test for 'ln -s' to report 'cp -fp'.
| ac_cv_prog_LN_S=${ac_cv_prog_LN_S:='cp -fp'}
| cl_cv_prog_LN=${cl_cv_prog_LN:='cp -fp'}
| cl_cv_prog_LN_S=${cl_cv_prog_LN_S:='cp -fp'}
| LN_S=${LN_S:='cp -fp'}
| LN=${LN:='cp -fp'}
| 
| ac_executable_extensions=${ac_executable_extensions:='.exe'}
| EXEEXT=${EXEEXT:='.exe'}
| EXE=${EXE:='.exe'}
| exeext=${exeext:='.exe'}
| 
| CC=${CC:=gcc}
| CXX=${CXX:=g++}
| #HOST_CC=gcc
| 
| GLIBCINCDIR=${GLIBCINCDIR=g:/glibc/include}
| if [ "$GLIBCINCDIR" != "" ]; then
| 	GLIBCINCL="-idirafter $GLIBCINCDIR"
| fi
| GNUWIN32DIR=${GNUWIN32DIR=D:/Progra~1/GnuWin32}
| if [ "$GNUWIN32DIR" != "" ]; then
| 	GNUWIN32INCL="-idirafter $GNUWIN32DIR/include"
| 	GNUWIN32LIBS="-lgw32c"
| 	GNUWIN32LIBDIR="-L$GNUWIN32DIR/lib"
| else
| 	enable_nls=no
| fi
| 
| STDEFS=${STDEFS=-D__GW32__ -D_LARGEFILE_SOURCE=1 -D_LARGEFILE64_SOURCE=1 -D_FILE_OFFSET_BITS=64}
| # -D__GTHREAD_HIDE_WIN32API
| DEFS=${DEFS= $STDEFS $DEFSPLUS }
| DEFINES=${DEFINES= $DEFS $DEFINESPLUS }
| INCLUDES=${INCLUDES= $INCLUDESPLUS $GNUWIN32INCL $GLIBCINCL }
| STCFLAGS=${STCFLAGS=-Wall -O3 -fms-extensions -mms-bitfields -fno-exceptions -fomit-frame-pointer -march=i386 -mcpu=i686 -ffast-math}
| CFLAGS=${CFLAGS= $STCFLAGS $CFLAGSPLUS }
| # -fnative-struct 
| 
| CXXFLAGS=${CXXFLAGS= $CFLAGS -fconserve-space -fno-rtti $CXXFLAGSPLUS }
| CPPFLAGS=${CPPFLAGS= $DEFS $INCLUDES $CPPFLAGSPLUS }
| 
| STLDFLAGS=${STLDFLAGS=-Wl,-s -Wl,--force-exe-suffix -Wl,--enable-auto-import -Wl,--enable-runtime-pseudo-reloc -Wl,--allow-multiple-definition -Wl,--enable-stdcall-fixup $GNUWIN32LIBDIR }
| LDFLAGS=${LDFLAGS= $STLDFLAGS $LDFLAGSPLUS }
| STLIBS=${STLIBS=$GNUWIN32LIBDIR $GNUWIN32LIBS  -liberty -lintl -liconv -lwsock32 -lole32 -luuid -lmsvcp60 }
| LIBS=${LIBS= -Wl,-s $LIBSPLUS $STLIBS }
| # 
| 
| host=${host:='i386-pc-mingw32'}
| build=${build:=$host}
| target=${target:=$host}
| host_alias=${host_alias:=$host}
| build_alias=${build_alias:=$build}
| target_alias=${target_alias:=$target}
| # The default values for transforming the program names cannot be the same
| # as the autoconf variables since these are set by configure before
| # config.site is read
| program_transform_name=${prog_transform_name:='s/i386-pc-mingw32//'}
| program_prefix=${prog_prefix:=''}
| program_suffix=${prog_suffix:=''}
| 
| # the following lines should ensure that NLS is used
| # by means of separate libintl instead of
| # the libintl provided with the package
| with_included_gettext=${with_included_gettext:=no}
| enable_nls=${enable_nls:=yes}
| nls_cv_use_gnu_gettext=${nls_cv_use_gnu_gettext:=yes}
| USE_NLS=${USE_NLS:=yes}
| LIBINTL=${LIBINTL:=' -lintl '}
| LTLIBINTL=${LTLIBINTL:=' -lintl '}
| BUILD_INCLUDED_LIBINTL=${BUILD_INCLUDED_LIBINTL:=no}
| USE_INCLUDED_LIBINTL=${USE_INCLUDED_LIBINTL:=no}
| 
| test "$prefix" = NONE && prefix=$PACKAGE_TARNAME
| prefix=${prefix:=c:/progra~1/GnuWin32}
configure:1368: checking build system type
configure:1386: result: i386-pc-mingw32
configure:1394: checking host system type
configure:1408: result: i386-pc-mingw32
configure:1416: checking target system type
configure:1430: result: i386-pc-mingw32
configure:1458: checking for a BSD-compatible install
configure:1513: result: /bin/install.exe -cp
configure:1524: checking whether build environment is sane
configure:1567: result: yes
configure:1600: checking for gawk
configure:1616: found /usr/bin/gawk
configure:1626: result: gawk
configure:1636: checking whether make sets $(MAKE)
configure:1656: result: yes
configure:1876: checking for gcc
configure:1902: result: gcc
configure:2146: checking for C compiler version
configure:2149: gcc --version </dev/null >&5
gcc.exe (GCC) 3.3.1 (mingw special 20030804-1)
Copyright (C) 2003 Free Software Foundation, Inc.
This is free software; see the source for copying conditions.  There is NO
warranty; not even for MERCHANTABILITY or FITNESS FOR A PARTICULAR PURPOSE.

configure:2152: $? = 0
configure:2154: gcc -v </dev/null >&5
Reading specs from g:/mingw/3.3.1/bin/../lib/gcc-lib/mingw32/3.3.1/specs
Configured with: ../gcc/configure --with-gcc --with-gnu-ld --with-gnu-as --host=mingw32 --target=mingw32 --prefix=/mingw --enable-threads --disable-nls --enable-languages=c,c++,f77,objc,ada,java --disable-win32-registry --disable-shared --enable-sjlj-exceptions --enable-libgcj --disable-java-awt --without-x --enable-java-gc=boehm --disable-libgcj-debug --enable-interpreter --enable-hash-synchronization
Thread model: win32
gcc version 3.3.1 (mingw special 20030804-1)
configure:2157: $? = 0
configure:2159: gcc -V </dev/null >&5
gcc.exe: `-V' option must have argument
configure:2162: $? = 1
configure:2185: checking for C compiler default output file name
configure:2188: gcc  -Wall -O3 -fms-extensions -mms-bitfields -fno-exceptions -fomit-frame-pointer -march=i386 -mcpu=i686 -ffast-math     -D__GW32__ -D_LARGEFILE_SOURCE=1 -D_LARGEFILE64_SOURCE=1 -D_FILE_OFFSET_BITS=64 -D__GETOPT_H__ -D__UNISTD_GETOPT__     -idirafter D:/Progra~1/GnuWin32/include -idirafter g:/glibc/include     -Wl,-s -Wl,--force-exe-suffix -Wl,--enable-auto-import -Wl,--enable-runtime-pseudo-reloc -Wl,--allow-multiple-definition -Wl,--enable-stdcall-fixup -LD:/Progra~1/GnuWin32/lib    conftest.c  -Wl,-s  -LD:/Progra~1/GnuWin32/lib -lgw32c  -liberty -lintl -liconv -lwsock32 -lole32 -luuid -lmsvcp60   >&5
configure:2191: $? = 0
configure:2237: result: a.exe
configure:2242: checking whether the C compiler works
configure:2248: ./a.exe
configure:2251: $? = 0
configure:2268: result: yes
configure:2275: checking whether we are cross compiling
configure:2277: result: no
configure:2280: checking for suffix of executables
configure:2282: gcc -o conftest.exe  -Wall -O3 -fms-extensions -mms-bitfields -fno-exceptions -fomit-frame-pointer -march=i386 -mcpu=i686 -ffast-math     -D__GW32__ -D_LARGEFILE_SOURCE=1 -D_LARGEFILE64_SOURCE=1 -D_FILE_OFFSET_BITS=64 -D__GETOPT_H__ -D__UNISTD_GETOPT__     -idirafter D:/Progra~1/GnuWin32/include -idirafter g:/glibc/include     -Wl,-s -Wl,--force-exe-suffix -Wl,--enable-auto-import -Wl,--enable-runtime-pseudo-reloc -Wl,--allow-multiple-definition -Wl,--enable-stdcall-fixup -LD:/Progra~1/GnuWin32/lib    conftest.c  -Wl,-s  -LD:/Progra~1/GnuWin32/lib -lgw32c  -liberty -lintl -liconv -lwsock32 -lole32 -luuid -lmsvcp60   >&5
configure:2285: $? = 0
configure:2310: result: .exe
configure:2316: checking for suffix of object files
configure:2337: gcc -c  -Wall -O3 -fms-extensions -mms-bitfields -fno-exceptions -fomit-frame-pointer -march=i386 -mcpu=i686 -ffast-math     -D__GW32__ -D_LARGEFILE_SOURCE=1 -D_LARGEFILE64_SOURCE=1 -D_FILE_OFFSET_BITS=64 -D__GETOPT_H__ -D__UNISTD_GETOPT__     -idirafter D:/Progra~1/GnuWin32/include -idirafter g:/glibc/include    conftest.c >&5
configure:2340: $? = 0
configure:2362: result: o
configure:2366: checking whether we are using the GNU C compiler
configure:2390: gcc -c  -Wall -O3 -fms-extensions -mms-bitfields -fno-exceptions -fomit-frame-pointer -march=i386 -mcpu=i686 -ffast-math     -D__GW32__ -D_LARGEFILE_SOURCE=1 -D_LARGEFILE64_SOURCE=1 -D_FILE_OFFSET_BITS=64 -D__GETOPT_H__ -D__UNISTD_GETOPT__     -idirafter D:/Progra~1/GnuWin32/include -idirafter g:/glibc/include    conftest.c >&5
configure:2396: $? = 0
configure:2399: test -z 			 || test ! -s conftest.err
configure:2402: $? = 0
configure:2405: test -s conftest.o
configure:2408: $? = 0
configure:2421: result: yes
configure:2427: checking whether gcc accepts -g
configure:2448: gcc -c -g   -D__GW32__ -D_LARGEFILE_SOURCE=1 -D_LARGEFILE64_SOURCE=1 -D_FILE_OFFSET_BITS=64 -D__GETOPT_H__ -D__UNISTD_GETOPT__     -idirafter D:/Progra~1/GnuWin32/include -idirafter g:/glibc/include    conftest.c >&5
configure:2454: $? = 0
configure:2457: test -z 			 || test ! -s conftest.err
configure:2460: $? = 0
configure:2463: test -s conftest.o
configure:2466: $? = 0
configure:2477: result: yes
configure:2494: checking for gcc option to accept ANSI C
configure:2564: gcc  -c  -Wall -O3 -fms-extensions -mms-bitfields -fno-exceptions -fomit-frame-pointer -march=i386 -mcpu=i686 -ffast-math     -D__GW32__ -D_LARGEFILE_SOURCE=1 -D_LARGEFILE64_SOURCE=1 -D_FILE_OFFSET_BITS=64 -D__GETOPT_H__ -D__UNISTD_GETOPT__     -idirafter D:/Progra~1/GnuWin32/include -idirafter g:/glibc/include    conftest.c >&5
configure:2570: $? = 0
configure:2573: test -z 			 || test ! -s conftest.err
configure:2576: $? = 0
configure:2579: test -s conftest.o
configure:2582: $? = 0
configure:2600: result: none needed
configure:2618: gcc -c  -Wall -O3 -fms-extensions -mms-bitfields -fno-exceptions -fomit-frame-pointer -march=i386 -mcpu=i686 -ffast-math     -D__GW32__ -D_LARGEFILE_SOURCE=1 -D_LARGEFILE64_SOURCE=1 -D_FILE_OFFSET_BITS=64 -D__GETOPT_H__ -D__UNISTD_GETOPT__     -idirafter D:/Progra~1/GnuWin32/include -idirafter g:/glibc/include    conftest.c >&5
conftest.c:2: error: parse error before "me"
configure:2624: $? = 1
configure: failed program was:
| #ifndef __cplusplus
|   choke me
| #endif
configure:2765: checking for style of include used by make
configure:2793: result: GNU
configure:2821: checking dependency style of gcc
configure:2904: result: gcc3
configure:2927: checking how to run the C preprocessor
configure:2962: gcc -E   -D__GW32__ -D_LARGEFILE_SOURCE=1 -D_LARGEFILE64_SOURCE=1 -D_FILE_OFFSET_BITS=64 -D__GETOPT_H__ -D__UNISTD_GETOPT__     -idirafter D:/Progra~1/GnuWin32/include -idirafter g:/glibc/include    conftest.c
configure:2968: $? = 0
configure:3000: gcc -E   -D__GW32__ -D_LARGEFILE_SOURCE=1 -D_LARGEFILE64_SOURCE=1 -D_FILE_OFFSET_BITS=64 -D__GETOPT_H__ -D__UNISTD_GETOPT__     -idirafter D:/Progra~1/GnuWin32/include -idirafter g:/glibc/include    conftest.c
conftest.c:12:28: ac_nonexistent.h: No such file or directory
configure:3006: $? = 1
configure: failed program was:
| /* confdefs.h.  */
| 
| #define PACKAGE_NAME "LHa for UNIX"
| #define PACKAGE_TARNAME "lha"
| #define PACKAGE_VERSION "1.14i-ac20050924"
| #define PACKAGE_STRING "LHa for UNIX 1.14i-ac20050924"
| #define PACKAGE_BUGREPORT "jca02266@nifty.com"
| #define PACKAGE "lha"
| #define VERSION "1.14i-ac20050924"
| #define PLATFORM "i386-pc-mingw32"
| /* end confdefs.h.  */
| #include <ac_nonexistent.h>
configure:3045: result: gcc -E
configure:3069: gcc -E   -D__GW32__ -D_LARGEFILE_SOURCE=1 -D_LARGEFILE64_SOURCE=1 -D_FILE_OFFSET_BITS=64 -D__GETOPT_H__ -D__UNISTD_GETOPT__     -idirafter D:/Progra~1/GnuWin32/include -idirafter g:/glibc/include    conftest.c
configure:3075: $? = 0
configure:3107: gcc -E   -D__GW32__ -D_LARGEFILE_SOURCE=1 -D_LARGEFILE64_SOURCE=1 -D_FILE_OFFSET_BITS=64 -D__GETOPT_H__ -D__UNISTD_GETOPT__     -idirafter D:/Progra~1/GnuWin32/include -idirafter g:/glibc/include    conftest.c
conftest.c:12:28: ac_nonexistent.h: No such file or directory
configure:3113: $? = 1
configure: failed program was:
| /* confdefs.h.  */
| 
| #define PACKAGE_NAME "LHa for UNIX"
| #define PACKAGE_TARNAME "lha"
| #define PACKAGE_VERSION "1.14i-ac20050924"
| #define PACKAGE_STRING "LHa for UNIX 1.14i-ac20050924"
| #define PACKAGE_BUGREPORT "jca02266@nifty.com"
| #define PACKAGE "lha"
| #define VERSION "1.14i-ac20050924"
| #define PLATFORM "i386-pc-mingw32"
| /* end confdefs.h.  */
| #include <ac_nonexistent.h>
configure:3157: checking for egrep
configure:3167: result: grep -E
configure:3173: checking whether gcc needs -traditional
conftest.c:12:20: termio.h: No such file or directory
configure:3215: result: no
configure:3235: checking for a BSD-compatible install
configure:3290: result: /bin/install.exe -cp
configure:3301: checking whether make sets $(MAKE)
configure:3321: result: yes
configure:3330: checking for ANSI C header files
configure:3355: gcc -c  -Wall -O3 -fms-extensions -mms-bitfields -fno-exceptions -fomit-frame-pointer -march=i386 -mcpu=i686 -ffast-math     -D__GW32__ -D_LARGEFILE_SOURCE=1 -D_LARGEFILE64_SOURCE=1 -D_FILE_OFFSET_BITS=64 -D__GETOPT_H__ -D__UNISTD_GETOPT__     -idirafter D:/Progra~1/GnuWin32/include -idirafter g:/glibc/include    conftest.c >&5
configure:3361: $? = 0
configure:3364: test -z 			 || test ! -s conftest.err
configure:3367: $? = 0
configure:3370: test -s conftest.o
configure:3373: $? = 0
configure:3462: gcc -o conftest.exe  -Wall -O3 -fms-extensions -mms-bitfields -fno-exceptions -fomit-frame-pointer -march=i386 -mcpu=i686 -ffast-math     -D__GW32__ -D_LARGEFILE_SOURCE=1 -D_LARGEFILE64_SOURCE=1 -D_FILE_OFFSET_BITS=64 -D__GETOPT_H__ -D__UNISTD_GETOPT__     -idirafter D:/Progra~1/GnuWin32/include -idirafter g:/glibc/include     -Wl,-s -Wl,--force-exe-suffix -Wl,--enable-auto-import -Wl,--enable-runtime-pseudo-reloc -Wl,--allow-multiple-definition -Wl,--enable-stdcall-fixup -LD:/Progra~1/GnuWin32/lib    conftest.c  -Wl,-s  -LD:/Progra~1/GnuWin32/lib -lgw32c  -liberty -lintl -liconv -lwsock32 -lole32 -luuid -lmsvcp60   >&5
conftest.c: In function `main':
conftest.c:29: warning: implicit declaration of function `exit'
configure:3465: $? = 0
configure:3467: ./conftest.exe
configure:3470: $? = 0
configure:3485: result: yes
configure:3509: checking for sys/types.h
configure:3525: gcc -c  -Wall -O3 -fms-extensions -mms-bitfields -fno-exceptions -fomit-frame-pointer -march=i386 -mcpu=i686 -ffast-math     -D__GW32__ -D_LARGEFILE_SOURCE=1 -D_LARGEFILE64_SOURCE=1 -D_FILE_OFFSET_BITS=64 -D__GETOPT_H__ -D__UNISTD_GETOPT__     -idirafter D:/Progra~1/GnuWin32/include -idirafter g:/glibc/include    conftest.c >&5
configure:3531: $? = 0
configure:3534: test -z 			 || test ! -s conftest.err
configure:3537: $? = 0
configure:3540: test -s conftest.o
configure:3543: $? = 0
configure:3554: result: yes
configure:3509: checking for sys/stat.h
configure:3525: gcc -c  -Wall -O3 -fms-extensions -mms-bitfields -fno-exceptions -fomit-frame-pointer -march=i386 -mcpu=i686 -ffast-math     -D__GW32__ -D_LARGEFILE_SOURCE=1 -D_LARGEFILE64_SOURCE=1 -D_FILE_OFFSET_BITS=64 -D__GETOPT_H__ -D__UNISTD_GETOPT__     -idirafter D:/Progra~1/GnuWin32/include -idirafter g:/glibc/include    conftest.c >&5
configure:3531: $? = 0
configure:3534: test -z 			 || test ! -s conftest.err
configure:3537: $? = 0
configure:3540: test -s conftest.o
configure:3543: $? = 0
configure:3554: result: yes
configure:3509: checking for stdlib.h
configure:3525: gcc -c  -Wall -O3 -fms-extensions -mms-bitfields -fno-exceptions -fomit-frame-pointer -march=i386 -mcpu=i686 -ffast-math     -D__GW32__ -D_LARGEFILE_SOURCE=1 -D_LARGEFILE64_SOURCE=1 -D_FILE_OFFSET_BITS=64 -D__GETOPT_H__ -D__UNISTD_GETOPT__     -idirafter D:/Progra~1/GnuWin32/include -idirafter g:/glibc/include    conftest.c >&5
configure:3531: $? = 0
configure:3534: test -z 			 || test ! -s conftest.err
configure:3537: $? = 0
configure:3540: test -s conftest.o
configure:3543: $? = 0
configure:3554: result: yes
configure:3509: checking for string.h
configure:3525: gcc -c  -Wall -O3 -fms-extensions -mms-bitfields -fno-exceptions -fomit-frame-pointer -march=i386 -mcpu=i686 -ffast-math     -D__GW32__ -D_LARGEFILE_SOURCE=1 -D_LARGEFILE64_SOURCE=1 -D_FILE_OFFSET_BITS=64 -D__GETOPT_H__ -D__UNISTD_GETOPT__     -idirafter D:/Progra~1/GnuWin32/include -idirafter g:/glibc/include    conftest.c >&5
configure:3531: $? = 0
configure:3534: test -z 			 || test ! -s conftest.err
configure:3537: $? = 0
configure:3540: test -s conftest.o
configure:3543: $? = 0
configure:3554: result: yes
configure:3509: checking for memory.h
configure:3525: gcc -c  -Wall -O3 -fms-extensions -mms-bitfields -fno-exceptions -fomit-frame-pointer -march=i386 -mcpu=i686 -ffast-math     -D__GW32__ -D_LARGEFILE_SOURCE=1 -D_LARGEFILE64_SOURCE=1 -D_FILE_OFFSET_BITS=64 -D__GETOPT_H__ -D__UNISTD_GETOPT__     -idirafter D:/Progra~1/GnuWin32/include -idirafter g:/glibc/include    conftest.c >&5
configure:3531: $? = 0
configure:3534: test -z 			 || test ! -s conftest.err
configure:3537: $? = 0
configure:3540: test -s conftest.o
configure:3543: $? = 0
configure:3554: result: yes
configure:3509: checking for strings.h
configure:3525: gcc -c  -Wall -O3 -fms-extensions -mms-bitfields -fno-exceptions -fomit-frame-pointer -march=i386 -mcpu=i686 -ffast-math     -D__GW32__ -D_LARGEFILE_SOURCE=1 -D_LARGEFILE64_SOURCE=1 -D_FILE_OFFSET_BITS=64 -D__GETOPT_H__ -D__UNISTD_GETOPT__     -idirafter D:/Progra~1/GnuWin32/include -idirafter g:/glibc/include    conftest.c >&5
configure:3531: $? = 0
configure:3534: test -z 			 || test ! -s conftest.err
configure:3537: $? = 0
configure:3540: test -s conftest.o
configure:3543: $? = 0
configure:3554: result: yes
configure:3509: checking for inttypes.h
configure:3525: gcc -c  -Wall -O3 -fms-extensions -mms-bitfields -fno-exceptions -fomit-frame-pointer -march=i386 -mcpu=i686 -ffast-math     -D__GW32__ -D_LARGEFILE_SOURCE=1 -D_LARGEFILE64_SOURCE=1 -D_FILE_OFFSET_BITS=64 -D__GETOPT_H__ -D__UNISTD_GETOPT__     -idirafter D:/Progra~1/GnuWin32/include -idirafter g:/glibc/include    conftest.c >&5
configure:3531: $? = 0
configure:3534: test -z 			 || test ! -s conftest.err
configure:3537: $? = 0
configure:3540: test -s conftest.o
configure:3543: $? = 0
configure:3554: result: yes
configure:3509: checking for stdint.h
configure:3525: gcc -c  -Wall -O3 -fms-extensions -mms-bitfields -fno-exceptions -fomit-frame-pointer -march=i386 -mcpu=i686 -ffast-math     -D__GW32__ -D_LARGEFILE_SOURCE=1 -D_LARGEFILE64_SOURCE=1 -D_FILE_OFFSET_BITS=64 -D__GETOPT_H__ -D__UNISTD_GETOPT__     -idirafter D:/Progra~1/GnuWin32/include -idirafter g:/glibc/include    conftest.c >&5
configure:3531: $? = 0
configure:3534: test -z 			 || test ! -s conftest.err
configure:3537: $? = 0
configure:3540: test -s conftest.o
configure:3543: $? = 0
configure:3554: result: yes
configure:3509: checking for unistd.h
configure:3525: gcc -c  -Wall -O3 -fms-extensions -mms-bitfields -fno-exceptions -fomit-frame-pointer -march=i386 -mcpu=i686 -ffast-math     -D__GW32__ -D_LARGEFILE_SOURCE=1 -D_LARGEFILE64_SOURCE=1 -D_FILE_OFFSET_BITS=64 -D__GETOPT_H__ -D__UNISTD_GETOPT__     -idirafter D:/Progra~1/GnuWin32/include -idirafter g:/glibc/include    conftest.c >&5
configure:3531: $? = 0
configure:3534: test -z 			 || test ! -s conftest.err
configure:3537: $? = 0
configure:3540: test -s conftest.o
configure:3543: $? = 0
configure:3554: result: yes
configure:3576: checking minix/config.h usability
configure:3588: gcc -c  -Wall -O3 -fms-extensions -mms-bitfields -fno-exceptions -fomit-frame-pointer -march=i386 -mcpu=i686 -ffast-math     -D__GW32__ -D_LARGEFILE_SOURCE=1 -D_LARGEFILE64_SOURCE=1 -D_FILE_OFFSET_BITS=64 -D__GETOPT_H__ -D__UNISTD_GETOPT__     -idirafter D:/Progra~1/GnuWin32/include -idirafter g:/glibc/include    conftest.c >&5
conftest.c:56:26: minix/config.h: No such file or directory
configure:3594: $? = 1
configure: failed program was:
| /* confdefs.h.  */
| 
| #define PACKAGE_NAME "LHa for UNIX"
| #define PACKAGE_TARNAME "lha"
| #define PACKAGE_VERSION "1.14i-ac20050924"
| #define PACKAGE_STRING "LHa for UNIX 1.14i-ac20050924"
| #define PACKAGE_BUGREPORT "jca02266@nifty.com"
| #define PACKAGE "lha"
| #define VERSION "1.14i-ac20050924"
| #define PLATFORM "i386-pc-mingw32"
| #define STDC_HEADERS 1
| #define HAVE_SYS_TYPES_H 1
| #define HAVE_SYS_STAT_H 1
| #define HAVE_STDLIB_H 1
| #define HAVE_STRING_H 1
| #define HAVE_MEMORY_H 1
| #define HAVE_STRINGS_H 1
| #define HAVE_INTTYPES_H 1
| #define HAVE_STDINT_H 1
| #define HAVE_UNISTD_H 1
| /* end confdefs.h.  */
| #include <stdio.h>
| #if HAVE_SYS_TYPES_H
| # include <sys/types.h>
| #endif
| #if HAVE_SYS_STAT_H
| # include <sys/stat.h>
| #endif
| #if STDC_HEADERS
| # include <stdlib.h>
| # include <stddef.h>
| #else
| # if HAVE_STDLIB_H
| #  include <stdlib.h>
| # endif
| #endif
| #if HAVE_STRING_H
| # if !STDC_HEADERS && HAVE_MEMORY_H
| #  include <memory.h>
| # endif
| # include <string.h>
| #endif
| #if HAVE_STRINGS_H
| # include <strings.h>
| #endif
| #if HAVE_INTTYPES_H
| # include <inttypes.h>
| #else
| # if HAVE_STDINT_H
| #  include <stdint.h>
| # endif
| #endif
| #if HAVE_UNISTD_H
| # include <unistd.h>
| #endif
| #include <minix/config.h>
configure:3616: result: no
configure:3620: checking minix/config.h presence
configure:3630: gcc -E   -D__GW32__ -D_LARGEFILE_SOURCE=1 -D_LARGEFILE64_SOURCE=1 -D_FILE_OFFSET_BITS=64 -D__GETOPT_H__ -D__UNISTD_GETOPT__     -idirafter D:/Progra~1/GnuWin32/include -idirafter g:/glibc/include    conftest.c
conftest.c:22:26: minix/config.h: No such file or directory
configure:3636: $? = 1
configure: failed program was:
| /* confdefs.h.  */
| 
| #define PACKAGE_NAME "LHa for UNIX"
| #define PACKAGE_TARNAME "lha"
| #define PACKAGE_VERSION "1.14i-ac20050924"
| #define PACKAGE_STRING "LHa for UNIX 1.14i-ac20050924"
| #define PACKAGE_BUGREPORT "jca02266@nifty.com"
| #define PACKAGE "lha"
| #define VERSION "1.14i-ac20050924"
| #define PLATFORM "i386-pc-mingw32"
| #define STDC_HEADERS 1
| #define HAVE_SYS_TYPES_H 1
| #define HAVE_SYS_STAT_H 1
| #define HAVE_STDLIB_H 1
| #define HAVE_STRING_H 1
| #define HAVE_MEMORY_H 1
| #define HAVE_STRINGS_H 1
| #define HAVE_INTTYPES_H 1
| #define HAVE_STDINT_H 1
| #define HAVE_UNISTD_H 1
| /* end confdefs.h.  */
| #include <minix/config.h>
configure:3656: result: no
configure:3691: checking for minix/config.h
configure:3698: result: no
configure:3730: checking for gcc option to accept ANSI C
configure:3793: gcc  -c  -Wall -O3 -fms-extensions -mms-bitfields -fno-exceptions -fomit-frame-pointer -march=i386 -mcpu=i686 -ffast-math     -D__GW32__ -D_LARGEFILE_SOURCE=1 -D_LARGEFILE64_SOURCE=1 -D_FILE_OFFSET_BITS=64 -D__GETOPT_H__ -D__UNISTD_GETOPT__     -idirafter D:/Progra~1/GnuWin32/include -idirafter g:/glibc/include    conftest.c >&5
configure:3799: $? = 0
configure:3802: test -z 			 || test ! -s conftest.err
configure:3805: $? = 0
configure:3808: test -s conftest.o
configure:3811: $? = 0
configure:3826: result: none needed
configure:3839: checking for function prototypes
configure:3842: result: yes
configure:3856: checking for ANSI C header files
configure:4011: result: yes
configure:4026: checking for string.h
configure:4031: result: yes
configure:4178: checking for special C compiler options needed for large files
configure:4275: result: no
configure:4281: checking for _FILE_OFFSET_BITS value needed for large files
configure:4394: result: 64
configure:4404: checking for _LARGE_FILES value needed for large files
configure:4517: result: 1
configure:4531: checking for library containing opendir
configure:4561: gcc -o conftest.exe  -Wall -O3 -fms-extensions -mms-bitfields -fno-exceptions -fomit-frame-pointer -march=i386 -mcpu=i686 -ffast-math     -D__GW32__ -D_LARGEFILE_SOURCE=1 -D_LARGEFILE64_SOURCE=1 -D_FILE_OFFSET_BITS=64 -D__GETOPT_H__ -D__UNISTD_GETOPT__     -idirafter D:/Progra~1/GnuWin32/include -idirafter g:/glibc/include     -Wl,-s -Wl,--force-exe-suffix -Wl,--enable-auto-import -Wl,--enable-runtime-pseudo-reloc -Wl,--allow-multiple-definition -Wl,--enable-stdcall-fixup -LD:/Progra~1/GnuWin32/lib    conftest.c  -Wl,-s  -LD:/Progra~1/GnuWin32/lib -lgw32c  -liberty -lintl -liconv -lwsock32 -lole32 -luuid -lmsvcp60   >&5
configure:4567: $? = 0
configure:4570: test -z 			 || test ! -s conftest.err
configure:4573: $? = 0
configure:4576: test -s conftest.exe
configure:4579: $? = 0
configure:4648: result: none required
configure:4665: checking for dirent.h that defines DIR
configure:4689: gcc -c  -Wall -O3 -fms-extensions -mms-bitfields -fno-exceptions -fomit-frame-pointer -march=i386 -mcpu=i686 -ffast-math     -D__GW32__ -D_LARGEFILE_SOURCE=1 -D_LARGEFILE64_SOURCE=1 -D_FILE_OFFSET_BITS=64 -D__GETOPT_H__ -D__UNISTD_GETOPT__     -idirafter D:/Progra~1/GnuWin32/include -idirafter g:/glibc/include    conftest.c >&5
configure:4695: $? = 0
configure:4698: test -z 			 || test ! -s conftest.err
configure:4701: $? = 0
configure:4704: test -s conftest.o
configure:4707: $? = 0
configure:4718: result: yes
configure:4731: checking for library containing opendir
configure:4848: result: none required
configure:4982: checking for ANSI C header files
configure:5137: result: yes
configure:5165: checking fcntl.h usability
configure:5177: gcc -c  -Wall -O3 -fms-extensions -mms-bitfields -fno-exceptions -fomit-frame-pointer -march=i386 -mcpu=i686 -ffast-math     -D__GW32__ -D_LARGEFILE_SOURCE=1 -D_LARGEFILE64_SOURCE=1 -D_FILE_OFFSET_BITS=64 -D__GETOPT_H__ -D__UNISTD_GETOPT__     -idirafter D:/Progra~1/GnuWin32/include -idirafter g:/glibc/include    conftest.c >&5
configure:5183: $? = 0
configure:5186: test -z 			 || test ! -s conftest.err
configure:5189: $? = 0
configure:5192: test -s conftest.o
configure:5195: $? = 0
configure:5205: result: yes
configure:5209: checking fcntl.h presence
configure:5219: gcc -E   -D__GW32__ -D_LARGEFILE_SOURCE=1 -D_LARGEFILE64_SOURCE=1 -D_FILE_OFFSET_BITS=64 -D__GETOPT_H__ -D__UNISTD_GETOPT__     -idirafter D:/Progra~1/GnuWin32/include -idirafter g:/glibc/include    conftest.c
configure:5225: $? = 0
configure:5245: result: yes
configure:5280: checking for fcntl.h
configure:5287: result: yes
configure:5165: checking limits.h usability
configure:5177: gcc -c  -Wall -O3 -fms-extensions -mms-bitfields -fno-exceptions -fomit-frame-pointer -march=i386 -mcpu=i686 -ffast-math     -D__GW32__ -D_LARGEFILE_SOURCE=1 -D_LARGEFILE64_SOURCE=1 -D_FILE_OFFSET_BITS=64 -D__GETOPT_H__ -D__UNISTD_GETOPT__     -idirafter D:/Progra~1/GnuWin32/include -idirafter g:/glibc/include    conftest.c >&5
configure:5183: $? = 0
configure:5186: test -z 			 || test ! -s conftest.err
configure:5189: $? = 0
configure:5192: test -s conftest.o
configure:5195: $? = 0
configure:5205: result: yes
configure:5209: checking limits.h presence
configure:5219: gcc -E   -D__GW32__ -D_LARGEFILE_SOURCE=1 -D_LARGEFILE64_SOURCE=1 -D_FILE_OFFSET_BITS=64 -D__GETOPT_H__ -D__UNISTD_GETOPT__     -idirafter D:/Progra~1/GnuWin32/include -idirafter g:/glibc/include    conftest.c
configure:5225: $? = 0
configure:5245: result: yes
configure:5280: checking for limits.h
configure:5287: result: yes
configure:5165: checking sys/file.h usability
configure:5177: gcc -c  -Wall -O3 -fms-extensions -mms-bitfields -fno-exceptions -fomit-frame-pointer -march=i386 -mcpu=i686 -ffast-math     -D__GW32__ -D_LARGEFILE_SOURCE=1 -D_LARGEFILE64_SOURCE=1 -D_FILE_OFFSET_BITS=64 -D__GETOPT_H__ -D__UNISTD_GETOPT__     -idirafter D:/Progra~1/GnuWin32/include -idirafter g:/glibc/include    conftest.c >&5
configure:5183: $? = 0
configure:5186: test -z 			 || test ! -s conftest.err
configure:5189: $? = 0
configure:5192: test -s conftest.o
configure:5195: $? = 0
configure:5205: result: yes
configure:5209: checking sys/file.h presence
configure:5219: gcc -E   -D__GW32__ -D_LARGEFILE_SOURCE=1 -D_LARGEFILE64_SOURCE=1 -D_FILE_OFFSET_BITS=64 -D__GETOPT_H__ -D__UNISTD_GETOPT__     -idirafter D:/Progra~1/GnuWin32/include -idirafter g:/glibc/include    conftest.c
configure:5225: $? = 0
configure:5245: result: yes
configure:5280: checking for sys/file.h
configure:5287: result: yes
configure:5165: checking sys/param.h usability
configure:5177: gcc -c  -Wall -O3 -fms-extensions -mms-bitfields -fno-exceptions -fomit-frame-pointer -march=i386 -mcpu=i686 -ffast-math     -D__GW32__ -D_LARGEFILE_SOURCE=1 -D_LARGEFILE64_SOURCE=1 -D_FILE_OFFSET_BITS=64 -D__GETOPT_H__ -D__UNISTD_GETOPT__     -idirafter D:/Progra~1/GnuWin32/include -idirafter g:/glibc/include    conftest.c >&5
configure:5183: $? = 0
configure:5186: test -z 			 || test ! -s conftest.err
configure:5189: $? = 0
configure:5192: test -s conftest.o
configure:5195: $? = 0
configure:5205: result: yes
configure:5209: checking sys/param.h presence
configure:5219: gcc -E   -D__GW32__ -D_LARGEFILE_SOURCE=1 -D_LARGEFILE64_SOURCE=1 -D_FILE_OFFSET_BITS=64 -D__GETOPT_H__ -D__UNISTD_GETOPT__     -idirafter D:/Progra~1/GnuWin32/include -idirafter g:/glibc/include    conftest.c
configure:5225: $? = 0
configure:5245: result: yes
configure:5280: checking for sys/param.h
configure:5287: result: yes
configure:5165: checking sys/time.h usability
configure:5177: gcc -c  -Wall -O3 -fms-extensions -mms-bitfields -fno-exceptions -fomit-frame-pointer -march=i386 -mcpu=i686 -ffast-math     -D__GW32__ -D_LARGEFILE_SOURCE=1 -D_LARGEFILE64_SOURCE=1 -D_FILE_OFFSET_BITS=64 -D__GETOPT_H__ -D__UNISTD_GETOPT__     -idirafter D:/Progra~1/GnuWin32/include -idirafter g:/glibc/include    conftest.c >&5
configure:5183: $? = 0
configure:5186: test -z 			 || test ! -s conftest.err
configure:5189: $? = 0
configure:5192: test -s conftest.o
configure:5195: $? = 0
configure:5205: result: yes
configure:5209: checking sys/time.h presence
configure:5219: gcc -E   -D__GW32__ -D_LARGEFILE_SOURCE=1 -D_LARGEFILE64_SOURCE=1 -D_FILE_OFFSET_BITS=64 -D__GETOPT_H__ -D__UNISTD_GETOPT__     -idirafter D:/Progra~1/GnuWin32/include -idirafter g:/glibc/include    conftest.c
configure:5225: $? = 0
configure:5245: result: yes
configure:5280: checking for sys/time.h
configure:5287: result: yes
configure:5319: checking pwd.h usability
configure:5331: gcc -c  -Wall -O3 -fms-extensions -mms-bitfields -fno-exceptions -fomit-frame-pointer -march=i386 -mcpu=i686 -ffast-math     -D__GW32__ -D_LARGEFILE_SOURCE=1 -D_LARGEFILE64_SOURCE=1 -D_FILE_OFFSET_BITS=64 -D__GETOPT_H__ -D__UNISTD_GETOPT__     -idirafter D:/Progra~1/GnuWin32/include -idirafter g:/glibc/include    conftest.c >&5
configure:5337: $? = 0
configure:5340: test -z 			 || test ! -s conftest.err
configure:5343: $? = 0
configure:5346: test -s conftest.o
configure:5349: $? = 0
configure:5359: result: yes
configure:5363: checking pwd.h presence
configure:5373: gcc -E   -D__GW32__ -D_LARGEFILE_SOURCE=1 -D_LARGEFILE64_SOURCE=1 -D_FILE_OFFSET_BITS=64 -D__GETOPT_H__ -D__UNISTD_GETOPT__     -idirafter D:/Progra~1/GnuWin32/include -idirafter g:/glibc/include    conftest.c
configure:5379: $? = 0
configure:5399: result: yes
configure:5434: checking for pwd.h
configure:5441: result: yes
configure:5319: checking grp.h usability
configure:5331: gcc -c  -Wall -O3 -fms-extensions -mms-bitfields -fno-exceptions -fomit-frame-pointer -march=i386 -mcpu=i686 -ffast-math     -D__GW32__ -D_LARGEFILE_SOURCE=1 -D_LARGEFILE64_SOURCE=1 -D_FILE_OFFSET_BITS=64 -D__GETOPT_H__ -D__UNISTD_GETOPT__     -idirafter D:/Progra~1/GnuWin32/include -idirafter g:/glibc/include    conftest.c >&5
configure:5337: $? = 0
configure:5340: test -z 			 || test ! -s conftest.err
configure:5343: $? = 0
configure:5346: test -s conftest.o
configure:5349: $? = 0
configure:5359: result: yes
configure:5363: checking grp.h presence
configure:5373: gcc -E   -D__GW32__ -D_LARGEFILE_SOURCE=1 -D_LARGEFILE64_SOURCE=1 -D_FILE_OFFSET_BITS=64 -D__GETOPT_H__ -D__UNISTD_GETOPT__     -idirafter D:/Progra~1/GnuWin32/include -idirafter g:/glibc/include    conftest.c
configure:5379: $? = 0
configure:5399: result: yes
configure:5434: checking for grp.h
configure:5441: result: yes
configure:5319: checking utime.h usability
configure:5331: gcc -c  -Wall -O3 -fms-extensions -mms-bitfields -fno-exceptions -fomit-frame-pointer -march=i386 -mcpu=i686 -ffast-math     -D__GW32__ -D_LARGEFILE_SOURCE=1 -D_LARGEFILE64_SOURCE=1 -D_FILE_OFFSET_BITS=64 -D__GETOPT_H__ -D__UNISTD_GETOPT__     -idirafter D:/Progra~1/GnuWin32/include -idirafter g:/glibc/include    conftest.c >&5
configure:5337: $? = 0
configure:5340: test -z 			 || test ! -s conftest.err
configure:5343: $? = 0
configure:5346: test -s conftest.o
configure:5349: $? = 0
configure:5359: result: yes
configure:5363: checking utime.h presence
configure:5373: gcc -E   -D__GW32__ -D_LARGEFILE_SOURCE=1 -D_LARGEFILE64_SOURCE=1 -D_FILE_OFFSET_BITS=64 -D__GETOPT_H__ -D__UNISTD_GETOPT__     -idirafter D:/Progra~1/GnuWin32/include -idirafter g:/glibc/include    conftest.c
configure:5379: $? = 0
configure:5399: result: yes
configure:5434: checking for utime.h
configure:5441: result: yes
configure:5310: checking for inttypes.h
configure:5315: result: yes
configure:5310: checking for stdint.h
configure:5315: result: yes
configure:5319: checking fnmatch.h usability
configure:5331: gcc -c  -Wall -O3 -fms-extensions -mms-bitfields -fno-exceptions -fomit-frame-pointer -march=i386 -mcpu=i686 -ffast-math     -D__GW32__ -D_LARGEFILE_SOURCE=1 -D_LARGEFILE64_SOURCE=1 -D_FILE_OFFSET_BITS=64 -D__GETOPT_H__ -D__UNISTD_GETOPT__     -idirafter D:/Progra~1/GnuWin32/include -idirafter g:/glibc/include    conftest.c >&5
configure:5337: $? = 0
configure:5340: test -z 			 || test ! -s conftest.err
configure:5343: $? = 0
configure:5346: test -s conftest.o
configure:5349: $? = 0
configure:5359: result: yes
configure:5363: checking fnmatch.h presence
configure:5373: gcc -E   -D__GW32__ -D_LARGEFILE_SOURCE=1 -D_LARGEFILE64_SOURCE=1 -D_FILE_OFFSET_BITS=64 -D__GETOPT_H__ -D__UNISTD_GETOPT__     -idirafter D:/Progra~1/GnuWin32/include -idirafter g:/glibc/include    conftest.c
configure:5379: $? = 0
configure:5399: result: yes
configure:5434: checking for fnmatch.h
configure:5441: result: yes
configure:5456: checking for an ANSI C-conforming const
configure:5523: gcc -c  -Wall -O3 -fms-extensions -mms-bitfields -fno-exceptions -fomit-frame-pointer -march=i386 -mcpu=i686 -ffast-math     -D__GW32__ -D_LARGEFILE_SOURCE=1 -D_LARGEFILE64_SOURCE=1 -D_FILE_OFFSET_BITS=64 -D__GETOPT_H__ -D__UNISTD_GETOPT__     -idirafter D:/Progra~1/GnuWin32/include -idirafter g:/glibc/include    conftest.c >&5
conftest.c: In function `main':
conftest.c:67: warning: unused variable `s'
conftest.c:87: warning: unused variable `foo'
conftest.c:48: warning: unused variable `x'
conftest.c:54: warning: unused variable `zero'
conftest.c:66: warning: `t' might be used uninitialized in this function
conftest.c:84: warning: `b' might be used uninitialized in this function
configure:5529: $? = 0
configure:5532: test -z 			 || test ! -s conftest.err
configure:5535: $? = 0
configure:5538: test -s conftest.o
configure:5541: $? = 0
configure:5552: result: yes
configure:5562: checking whether time.h and sys/time.h may both be included
configure:5587: gcc -c  -Wall -O3 -fms-extensions -mms-bitfields -fno-exceptions -fomit-frame-pointer -march=i386 -mcpu=i686 -ffast-math     -D__GW32__ -D_LARGEFILE_SOURCE=1 -D_LARGEFILE64_SOURCE=1 -D_FILE_OFFSET_BITS=64 -D__GETOPT_H__ -D__UNISTD_GETOPT__     -idirafter D:/Progra~1/GnuWin32/include -idirafter g:/glibc/include    conftest.c >&5
configure:5593: $? = 0
configure:5596: test -z 			 || test ! -s conftest.err
configure:5599: $? = 0
configure:5602: test -s conftest.o
configure:5605: $? = 0
configure:5616: result: yes
configure:5626: checking whether struct tm is in sys/time.h or time.h
configure:5649: gcc -c  -Wall -O3 -fms-extensions -mms-bitfields -fno-exceptions -fomit-frame-pointer -march=i386 -mcpu=i686 -ffast-math     -D__GW32__ -D_LARGEFILE_SOURCE=1 -D_LARGEFILE64_SOURCE=1 -D_FILE_OFFSET_BITS=64 -D__GETOPT_H__ -D__UNISTD_GETOPT__     -idirafter D:/Progra~1/GnuWin32/include -idirafter g:/glibc/include    conftest.c >&5
conftest.c: In function `main':
conftest.c:47: warning: statement with no effect
configure:5655: $? = 0
configure:5658: test -z 			 || test ! -s conftest.err
configure:5661: $? = 0
configure:5664: test -s conftest.o
configure:5667: $? = 0
configure:5678: result: time.h
configure:5688: checking for struct tm.tm_zone
configure:5714: gcc -c  -Wall -O3 -fms-extensions -mms-bitfields -fno-exceptions -fomit-frame-pointer -march=i386 -mcpu=i686 -ffast-math     -D__GW32__ -D_LARGEFILE_SOURCE=1 -D_LARGEFILE64_SOURCE=1 -D_FILE_OFFSET_BITS=64 -D__GETOPT_H__ -D__UNISTD_GETOPT__     -idirafter D:/Progra~1/GnuWin32/include -idirafter g:/glibc/include    conftest.c >&5
conftest.c: In function `main':
conftest.c:49: error: structure has no member named `tm_zone'
configure:5720: $? = 1
configure: failed program was:
| /* confdefs.h.  */
| 
| #define PACKAGE_NAME "LHa for UNIX"
| #define PACKAGE_TARNAME "lha"
| #define PACKAGE_VERSION "1.14i-ac20050924"
| #define PACKAGE_STRING "LHa for UNIX 1.14i-ac20050924"
| #define PACKAGE_BUGREPORT "jca02266@nifty.com"
| #define PACKAGE "lha"
| #define VERSION "1.14i-ac20050924"
| #define PLATFORM "i386-pc-mingw32"
| #define STDC_HEADERS 1
| #define HAVE_SYS_TYPES_H 1
| #define HAVE_SYS_STAT_H 1
| #define HAVE_STDLIB_H 1
| #define HAVE_STRING_H 1
| #define HAVE_MEMORY_H 1
| #define HAVE_STRINGS_H 1
| #define HAVE_INTTYPES_H 1
| #define HAVE_STDINT_H 1
| #define HAVE_UNISTD_H 1
| #define PROTOTYPES 1
| #define STDC_HEADERS 1
| #define HAVE_STRING_H 1
| #define _FILE_OFFSET_BITS 64
| #define _LARGE_FILES 1
| #define HAVE_DIRENT_H 1
| #define STDC_HEADERS 1
| #define HAVE_FCNTL_H 1
| #define HAVE_LIMITS_H 1
| #define HAVE_SYS_FILE_H 1
| #define HAVE_SYS_PARAM_H 1
| #define HAVE_SYS_TIME_H 1
| #define HAVE_PWD_H 1
| #define HAVE_GRP_H 1
| #define HAVE_UTIME_H 1
| #define HAVE_INTTYPES_H 1
| #define HAVE_STDINT_H 1
| #define HAVE_FNMATCH_H 1
| #define TIME_WITH_SYS_TIME 1
| /* end confdefs.h.  */
| #include <sys/types.h>
| #include <time.h>
| 
| 
| int
| main ()
| {
| static struct tm ac_aggr;
| if (ac_aggr.tm_zone)
| return 0;
|   ;
|   return 0;
| }
configure:5760: gcc -c  -Wall -O3 -fms-extensions -mms-bitfields -fno-exceptions -fomit-frame-pointer -march=i386 -mcpu=i686 -ffast-math     -D__GW32__ -D_LARGEFILE_SOURCE=1 -D_LARGEFILE64_SOURCE=1 -D_FILE_OFFSET_BITS=64 -D__GETOPT_H__ -D__UNISTD_GETOPT__     -idirafter D:/Progra~1/GnuWin32/include -idirafter g:/glibc/include    conftest.c >&5
conftest.c: In function `main':
conftest.c:49: error: structure has no member named `tm_zone'
configure:5766: $? = 1
configure: failed program was:
| /* confdefs.h.  */
| 
| #define PACKAGE_NAME "LHa for UNIX"
| #define PACKAGE_TARNAME "lha"
| #define PACKAGE_VERSION "1.14i-ac20050924"
| #define PACKAGE_STRING "LHa for UNIX 1.14i-ac20050924"
| #define PACKAGE_BUGREPORT "jca02266@nifty.com"
| #define PACKAGE "lha"
| #define VERSION "1.14i-ac20050924"
| #define PLATFORM "i386-pc-mingw32"
| #define STDC_HEADERS 1
| #define HAVE_SYS_TYPES_H 1
| #define HAVE_SYS_STAT_H 1
| #define HAVE_STDLIB_H 1
| #define HAVE_STRING_H 1
| #define HAVE_MEMORY_H 1
| #define HAVE_STRINGS_H 1
| #define HAVE_INTTYPES_H 1
| #define HAVE_STDINT_H 1
| #define HAVE_UNISTD_H 1
| #define PROTOTYPES 1
| #define STDC_HEADERS 1
| #define HAVE_STRING_H 1
| #define _FILE_OFFSET_BITS 64
| #define _LARGE_FILES 1
| #define HAVE_DIRENT_H 1
| #define STDC_HEADERS 1
| #define HAVE_FCNTL_H 1
| #define HAVE_LIMITS_H 1
| #define HAVE_SYS_FILE_H 1
| #define HAVE_SYS_PARAM_H 1
| #define HAVE_SYS_TIME_H 1
| #define HAVE_PWD_H 1
| #define HAVE_GRP_H 1
| #define HAVE_UTIME_H 1
| #define HAVE_INTTYPES_H 1
| #define HAVE_STDINT_H 1
| #define HAVE_FNMATCH_H 1
| #define TIME_WITH_SYS_TIME 1
| /* end confdefs.h.  */
| #include <sys/types.h>
| #include <time.h>
| 
| 
| int
| main ()
| {
| static struct tm ac_aggr;
| if (sizeof ac_aggr.tm_zone)
| return 0;
|   ;
|   return 0;
| }
configure:5791: result: no
configure:5809: checking for tzname
configure:5864: result: yes
configure:5876: checking for long
configure:5900: gcc -c  -Wall -O3 -fms-extensions -mms-bitfields -fno-exceptions -fomit-frame-pointer -march=i386 -mcpu=i686 -ffast-math     -D__GW32__ -D_LARGEFILE_SOURCE=1 -D_LARGEFILE64_SOURCE=1 -D_FILE_OFFSET_BITS=64 -D__GETOPT_H__ -D__UNISTD_GETOPT__     -idirafter D:/Progra~1/GnuWin32/include -idirafter g:/glibc/include    conftest.c >&5
configure:5906: $? = 0
configure:5909: test -z 			 || test ! -s conftest.err
configure:5912: $? = 0
configure:5915: test -s conftest.o
configure:5918: $? = 0
configure:5929: result: yes
configure:5932: checking size of long
configure:6244: gcc -o conftest.exe  -Wall -O3 -fms-extensions -mms-bitfields -fno-exceptions -fomit-frame-pointer -march=i386 -mcpu=i686 -ffast-math     -D__GW32__ -D_LARGEFILE_SOURCE=1 -D_LARGEFILE64_SOURCE=1 -D_FILE_OFFSET_BITS=64 -D__GETOPT_H__ -D__UNISTD_GETOPT__     -idirafter D:/Progra~1/GnuWin32/include -idirafter g:/glibc/include     -Wl,-s -Wl,--force-exe-suffix -Wl,--enable-auto-import -Wl,--enable-runtime-pseudo-reloc -Wl,--allow-multiple-definition -Wl,--enable-stdcall-fixup -LD:/Progra~1/GnuWin32/lib    conftest.c  -Wl,-s  -LD:/Progra~1/GnuWin32/lib -lgw32c  -liberty -lintl -liconv -lwsock32 -lole32 -luuid -lmsvcp60   >&5
configure:6247: $? = 0
configure:6249: ./conftest.exe
configure:6252: $? = 0
configure:6275: result: 4
configure:6282: checking for uid_t
configure:6306: gcc -c  -Wall -O3 -fms-extensions -mms-bitfields -fno-exceptions -fomit-frame-pointer -march=i386 -mcpu=i686 -ffast-math     -D__GW32__ -D_LARGEFILE_SOURCE=1 -D_LARGEFILE64_SOURCE=1 -D_FILE_OFFSET_BITS=64 -D__GETOPT_H__ -D__UNISTD_GETOPT__     -idirafter D:/Progra~1/GnuWin32/include -idirafter g:/glibc/include    conftest.c >&5
configure:6312: $? = 0
configure:6315: test -z 			 || test ! -s conftest.err
configure:6318: $? = 0
configure:6321: test -s conftest.o
configure:6324: $? = 0
configure:6335: result: yes
configure:6345: checking for gid_t
configure:6369: gcc -c  -Wall -O3 -fms-extensions -mms-bitfields -fno-exceptions -fomit-frame-pointer -march=i386 -mcpu=i686 -ffast-math     -D__GW32__ -D_LARGEFILE_SOURCE=1 -D_LARGEFILE64_SOURCE=1 -D_FILE_OFFSET_BITS=64 -D__GETOPT_H__ -D__UNISTD_GETOPT__     -idirafter D:/Progra~1/GnuWin32/include -idirafter g:/glibc/include    conftest.c >&5
configure:6375: $? = 0
configure:6378: test -z 			 || test ! -s conftest.err
configure:6381: $? = 0
configure:6384: test -s conftest.o
configure:6387: $? = 0
configure:6398: result: yes
configure:6408: checking for long long
configure:6432: gcc -c  -Wall -O3 -fms-extensions -mms-bitfields -fno-exceptions -fomit-frame-pointer -march=i386 -mcpu=i686 -ffast-math     -D__GW32__ -D_LARGEFILE_SOURCE=1 -D_LARGEFILE64_SOURCE=1 -D_FILE_OFFSET_BITS=64 -D__GETOPT_H__ -D__UNISTD_GETOPT__     -idirafter D:/Progra~1/GnuWin32/include -idirafter g:/glibc/include    conftest.c >&5
configure:6438: $? = 0
configure:6441: test -z 			 || test ! -s conftest.err
configure:6444: $? = 0
configure:6447: test -s conftest.o
configure:6450: $? = 0
configure:6461: result: yes
configure:6471: checking for uint64_t
configure:6495: gcc -c  -Wall -O3 -fms-extensions -mms-bitfields -fno-exceptions -fomit-frame-pointer -march=i386 -mcpu=i686 -ffast-math     -D__GW32__ -D_LARGEFILE_SOURCE=1 -D_LARGEFILE64_SOURCE=1 -D_FILE_OFFSET_BITS=64 -D__GETOPT_H__ -D__UNISTD_GETOPT__     -idirafter D:/Progra~1/GnuWin32/include -idirafter g:/glibc/include    conftest.c >&5
configure:6501: $? = 0
configure:6504: test -z 			 || test ! -s conftest.err
configure:6507: $? = 0
configure:6510: test -s conftest.o
configure:6513: $? = 0
configure:6524: result: yes
configure:6534: checking for ssize_t
configure:6558: gcc -c  -Wall -O3 -fms-extensions -mms-bitfields -fno-exceptions -fomit-frame-pointer -march=i386 -mcpu=i686 -ffast-math     -D__GW32__ -D_LARGEFILE_SOURCE=1 -D_LARGEFILE64_SOURCE=1 -D_FILE_OFFSET_BITS=64 -D__GETOPT_H__ -D__UNISTD_GETOPT__     -idirafter D:/Progra~1/GnuWin32/include -idirafter g:/glibc/include    conftest.c >&5
configure:6564: $? = 0
configure:6567: test -z 			 || test ! -s conftest.err
configure:6570: $? = 0
configure:6573: test -s conftest.o
configure:6576: $? = 0
configure:6587: result: yes
configure:6598: checking for struct tm.tm_gmtoff
configure:6639: gcc -c  -Wall -O3 -fms-extensions -mms-bitfields -fno-exceptions -fomit-frame-pointer -march=i386 -mcpu=i686 -ffast-math     -D__GW32__ -D_LARGEFILE_SOURCE=1 -D_LARGEFILE64_SOURCE=1 -D_FILE_OFFSET_BITS=64 -D__GETOPT_H__ -D__UNISTD_GETOPT__     -idirafter D:/Progra~1/GnuWin32/include -idirafter g:/glibc/include    conftest.c >&5
conftest.c: In function `main':
conftest.c:71: error: structure has no member named `tm_gmtoff'
configure:6645: $? = 1
configure: failed program was:
| /* confdefs.h.  */
| 
| #define PACKAGE_NAME "LHa for UNIX"
| #define PACKAGE_TARNAME "lha"
| #define PACKAGE_VERSION "1.14i-ac20050924"
| #define PACKAGE_STRING "LHa for UNIX 1.14i-ac20050924"
| #define PACKAGE_BUGREPORT "jca02266@nifty.com"
| #define PACKAGE "lha"
| #define VERSION "1.14i-ac20050924"
| #define PLATFORM "i386-pc-mingw32"
| #define STDC_HEADERS 1
| #define HAVE_SYS_TYPES_H 1
| #define HAVE_SYS_STAT_H 1
| #define HAVE_STDLIB_H 1
| #define HAVE_STRING_H 1
| #define HAVE_MEMORY_H 1
| #define HAVE_STRINGS_H 1
| #define HAVE_INTTYPES_H 1
| #define HAVE_STDINT_H 1
| #define HAVE_UNISTD_H 1
| #define PROTOTYPES 1
| #define STDC_HEADERS 1
| #define HAVE_STRING_H 1
| #define _FILE_OFFSET_BITS 64
| #define _LARGE_FILES 1
| #define HAVE_DIRENT_H 1
| #define STDC_HEADERS 1
| #define HAVE_FCNTL_H 1
| #define HAVE_LIMITS_H 1
| #define HAVE_SYS_FILE_H 1
| #define HAVE_SYS_PARAM_H 1
| #define HAVE_SYS_TIME_H 1
| #define HAVE_PWD_H 1
| #define HAVE_GRP_H 1
| #define HAVE_UTIME_H 1
| #define HAVE_INTTYPES_H 1
| #define HAVE_STDINT_H 1
| #define HAVE_FNMATCH_H 1
| #define TIME_WITH_SYS_TIME 1
| #define HAVE_TZNAME 1
| #define SIZEOF_LONG 4
| #define HAVE_UID_T 1
| #define HAVE_GID_T 1
| #define HAVE_LONG_LONG 1
| #define HAVE_UINT64_T 1
| #define HAVE_SSIZE_T 1
| /* end confdefs.h.  */
| 
| #if HAVE_SYS_TYPES_H
| # include <sys/types.h>
| #endif
| #if HAVE_SYS_STAT_H
| # include <sys/stat.h>
| #endif
| #if TIME_WITH_SYS_TIME
| # include <sys/time.h>
| # include <time.h>
| #else
| # if HAVE_SYS_TIME_H
| #  include <sys/time.h>
| # else
| #  include <time.h>
| # endif
| #endif
| 
| 
| int
| main ()
| {
| static struct tm ac_aggr;
| if (ac_aggr.tm_gmtoff)
| return 0;
|   ;
|   return 0;
| }
configure:6700: gcc -c  -Wall -O3 -fms-extensions -mms-bitfields -fno-exceptions -fomit-frame-pointer -march=i386 -mcpu=i686 -ffast-math     -D__GW32__ -D_LARGEFILE_SOURCE=1 -D_LARGEFILE64_SOURCE=1 -D_FILE_OFFSET_BITS=64 -D__GETOPT_H__ -D__UNISTD_GETOPT__     -idirafter D:/Progra~1/GnuWin32/include -idirafter g:/glibc/include    conftest.c >&5
conftest.c: In function `main':
conftest.c:71: error: structure has no member named `tm_gmtoff'
configure:6706: $? = 1
configure: failed program was:
| /* confdefs.h.  */
| 
| #define PACKAGE_NAME "LHa for UNIX"
| #define PACKAGE_TARNAME "lha"
| #define PACKAGE_VERSION "1.14i-ac20050924"
| #define PACKAGE_STRING "LHa for UNIX 1.14i-ac20050924"
| #define PACKAGE_BUGREPORT "jca02266@nifty.com"
| #define PACKAGE "lha"
| #define VERSION "1.14i-ac20050924"
| #define PLATFORM "i386-pc-mingw32"
| #define STDC_HEADERS 1
| #define HAVE_SYS_TYPES_H 1
| #define HAVE_SYS_STAT_H 1
| #define HAVE_STDLIB_H 1
| #define HAVE_STRING_H 1
| #define HAVE_MEMORY_H 1
| #define HAVE_STRINGS_H 1
| #define HAVE_INTTYPES_H 1
| #define HAVE_STDINT_H 1
| #define HAVE_UNISTD_H 1
| #define PROTOTYPES 1
| #define STDC_HEADERS 1
| #define HAVE_STRING_H 1
| #define _FILE_OFFSET_BITS 64
| #define _LARGE_FILES 1
| #define HAVE_DIRENT_H 1
| #define STDC_HEADERS 1
| #define HAVE_FCNTL_H 1
| #define HAVE_LIMITS_H 1
| #define HAVE_SYS_FILE_H 1
| #define HAVE_SYS_PARAM_H 1
| #define HAVE_SYS_TIME_H 1
| #define HAVE_PWD_H 1
| #define HAVE_GRP_H 1
| #define HAVE_UTIME_H 1
| #define HAVE_INTTYPES_H 1
| #define HAVE_STDINT_H 1
| #define HAVE_FNMATCH_H 1
| #define TIME_WITH_SYS_TIME 1
| #define HAVE_TZNAME 1
| #define SIZEOF_LONG 4
| #define HAVE_UID_T 1
| #define HAVE_GID_T 1
| #define HAVE_LONG_LONG 1
| #define HAVE_UINT64_T 1
| #define HAVE_SSIZE_T 1
| /* end confdefs.h.  */
| 
| #if HAVE_SYS_TYPES_H
| # include <sys/types.h>
| #endif
| #if HAVE_SYS_STAT_H
| # include <sys/stat.h>
| #endif
| #if TIME_WITH_SYS_TIME
| # include <sys/time.h>
| # include <time.h>
| #else
| # if HAVE_SYS_TIME_H
| #  include <sys/time.h>
| # else
| #  include <time.h>
| # endif
| #endif
| 
| 
| int
| main ()
| {
| static struct tm ac_aggr;
| if (sizeof ac_aggr.tm_gmtoff)
| return 0;
|   ;
|   return 0;
| }
configure:6731: result: no
configure:6741: checking for struct stat.st_ino
configure:6782: gcc -c  -Wall -O3 -fms-extensions -mms-bitfields -fno-exceptions -fomit-frame-pointer -march=i386 -mcpu=i686 -ffast-math     -D__GW32__ -D_LARGEFILE_SOURCE=1 -D_LARGEFILE64_SOURCE=1 -D_FILE_OFFSET_BITS=64 -D__GETOPT_H__ -D__UNISTD_GETOPT__     -idirafter D:/Progra~1/GnuWin32/include -idirafter g:/glibc/include    conftest.c >&5
configure:6788: $? = 0
configure:6791: test -z 			 || test ! -s conftest.err
configure:6794: $? = 0
configure:6797: test -s conftest.o
configure:6800: $? = 0
configure:6874: result: yes
configure:6887: checking return type of signal handlers
configure:6918: gcc -c  -Wall -O3 -fms-extensions -mms-bitfields -fno-exceptions -fomit-frame-pointer -march=i386 -mcpu=i686 -ffast-math     -D__GW32__ -D_LARGEFILE_SOURCE=1 -D_LARGEFILE64_SOURCE=1 -D_FILE_OFFSET_BITS=64 -D__GETOPT_H__ -D__UNISTD_GETOPT__     -idirafter D:/Progra~1/GnuWin32/include -idirafter g:/glibc/include    conftest.c >&5
conftest.c: In function `main':
conftest.c:63: warning: unused variable `i'
configure:6924: $? = 0
configure:6927: test -z 			 || test ! -s conftest.err
configure:6930: $? = 0
configure:6933: test -s conftest.o
configure:6936: $? = 0
configure:6947: result: void
configure:6955: checking whether utime accepts a null argument
configure:6986: gcc -o conftest.exe  -Wall -O3 -fms-extensions -mms-bitfields -fno-exceptions -fomit-frame-pointer -march=i386 -mcpu=i686 -ffast-math     -D__GW32__ -D_LARGEFILE_SOURCE=1 -D_LARGEFILE64_SOURCE=1 -D_FILE_OFFSET_BITS=64 -D__GETOPT_H__ -D__UNISTD_GETOPT__     -idirafter D:/Progra~1/GnuWin32/include -idirafter g:/glibc/include     -Wl,-s -Wl,--force-exe-suffix -Wl,--enable-auto-import -Wl,--enable-runtime-pseudo-reloc -Wl,--allow-multiple-definition -Wl,--enable-stdcall-fixup -LD:/Progra~1/GnuWin32/lib    conftest.c  -Wl,-s  -LD:/Progra~1/GnuWin32/lib -lgw32c  -liberty -lintl -liconv -lwsock32 -lole32 -luuid -lmsvcp60   >&5
conftest.c: In function `main':
conftest.c:89: warning: implicit declaration of function `utime'
configure:6989: $? = 0
configure:6991: ./conftest.exe
configure:6994: $? = 0
configure:7009: result: yes
configure:7020: checking for working POSIX fnmatch
configure:7058: gcc -o conftest.exe  -Wall -O3 -fms-extensions -mms-bitfields -fno-exceptions -fomit-frame-pointer -march=i386 -mcpu=i686 -ffast-math     -D__GW32__ -D_LARGEFILE_SOURCE=1 -D_LARGEFILE64_SOURCE=1 -D_FILE_OFFSET_BITS=64 -D__GETOPT_H__ -D__UNISTD_GETOPT__     -idirafter D:/Progra~1/GnuWin32/include -idirafter g:/glibc/include     -Wl,-s -Wl,--force-exe-suffix -Wl,--enable-auto-import -Wl,--enable-runtime-pseudo-reloc -Wl,--allow-multiple-definition -Wl,--enable-stdcall-fixup -LD:/Progra~1/GnuWin32/lib    conftest.c  -Wl,-s  -LD:/Progra~1/GnuWin32/lib -lgw32c  -liberty -lintl -liconv -lwsock32 -lole32 -luuid -lmsvcp60   >&5
conftest.c: In function `main':
conftest.c:59: warning: implicit declaration of function `exit'
configure:7061: $? = 0
configure:7063: ./conftest.exe
configure:7066: $? = 1
configure: program exited with status 1
configure: failed program was:
| /* confdefs.h.  */
| 
| #define PACKAGE_NAME "LHa for UNIX"
| #define PACKAGE_TARNAME "lha"
| #define PACKAGE_VERSION "1.14i-ac20050924"
| #define PACKAGE_STRING "LHa for UNIX 1.14i-ac20050924"
| #define PACKAGE_BUGREPORT "jca02266@nifty.com"
| #define PACKAGE "lha"
| #define VERSION "1.14i-ac20050924"
| #define PLATFORM "i386-pc-mingw32"
| #define STDC_HEADERS 1
| #define HAVE_SYS_TYPES_H 1
| #define HAVE_SYS_STAT_H 1
| #define HAVE_STDLIB_H 1
| #define HAVE_STRING_H 1
| #define HAVE_MEMORY_H 1
| #define HAVE_STRINGS_H 1
| #define HAVE_INTTYPES_H 1
| #define HAVE_STDINT_H 1
| #define HAVE_UNISTD_H 1
| #define PROTOTYPES 1
| #define STDC_HEADERS 1
| #define HAVE_STRING_H 1
| #define _FILE_OFFSET_BITS 64
| #define _LARGE_FILES 1
| #define HAVE_DIRENT_H 1
| #define STDC_HEADERS 1
| #define HAVE_FCNTL_H 1
| #define HAVE_LIMITS_H 1
| #define HAVE_SYS_FILE_H 1
| #define HAVE_SYS_PARAM_H 1
| #define HAVE_SYS_TIME_H 1
| #define HAVE_PWD_H 1
| #define HAVE_GRP_H 1
| #define HAVE_UTIME_H 1
| #define HAVE_INTTYPES_H 1
| #define HAVE_STDINT_H 1
| #define HAVE_FNMATCH_H 1
| #define TIME_WITH_SYS_TIME 1
| #define HAVE_TZNAME 1
| #define SIZEOF_LONG 4
| #define HAVE_UID_T 1
| #define HAVE_GID_T 1
| #define HAVE_LONG_LONG 1
| #define HAVE_UINT64_T 1
| #define HAVE_SSIZE_T 1
| #define HAVE_STRUCT_STAT_ST_INO 1
| #define RETSIGTYPE void
| #define HAVE_UTIME_NULL 1
| /* end confdefs.h.  */
| #include <fnmatch.h>
| #	   define y(a, b, c) (fnmatch (a, b, c) == 0)
| #	   define n(a, b, c) (fnmatch (a, b, c) == FNM_NOMATCH)
| 
| int
| main ()
| {
| exit
| 	   (!(y ("a*", "abc", 0)
| 	      && n ("d*/*1", "d/s/1", FNM_PATHNAME)
| 	      && y ("a\\bc", "abc", 0)
| 	      && n ("a\\bc", "abc", FNM_NOESCAPE)
| 	      && y ("*x", ".x", 0)
| 	      && n ("*x", ".x", FNM_PERIOD)
| 	      && 1));
|   ;
|   return 0;
| }
configure:7080: result: no
configure:7092: checking for _LARGEFILE_SOURCE value needed for large files
configure:7189: result: 1
configure:7203: checking for fseeko
configure:7224: gcc -o conftest.exe  -Wall -O3 -fms-extensions -mms-bitfields -fno-exceptions -fomit-frame-pointer -march=i386 -mcpu=i686 -ffast-math     -D__GW32__ -D_LARGEFILE_SOURCE=1 -D_LARGEFILE64_SOURCE=1 -D_FILE_OFFSET_BITS=64 -D__GETOPT_H__ -D__UNISTD_GETOPT__     -idirafter D:/Progra~1/GnuWin32/include -idirafter g:/glibc/include     -Wl,-s -Wl,--force-exe-suffix -Wl,--enable-auto-import -Wl,--enable-runtime-pseudo-reloc -Wl,--allow-multiple-definition -Wl,--enable-stdcall-fixup -LD:/Progra~1/GnuWin32/lib    conftest.c  -Wl,-s  -LD:/Progra~1/GnuWin32/lib -lgw32c  -liberty -lintl -liconv -lwsock32 -lole32 -luuid -lmsvcp60   >&5
configure:7230: $? = 0
configure:7233: test -z 			 || test ! -s conftest.err
configure:7236: $? = 0
configure:7239: test -s conftest.exe
configure:7242: $? = 0
configure:7254: result: yes
configure:7273: checking for strchr
configure:7330: gcc -o conftest.exe  -Wall -O3 -fms-extensions -mms-bitfields -fno-exceptions -fomit-frame-pointer -march=i386 -mcpu=i686 -ffast-math     -D__GW32__ -D_LARGEFILE_SOURCE=1 -D_LARGEFILE64_SOURCE=1 -D_FILE_OFFSET_BITS=64 -D__GETOPT_H__ -D__UNISTD_GETOPT__     -idirafter D:/Progra~1/GnuWin32/include -idirafter g:/glibc/include     -Wl,-s -Wl,--force-exe-suffix -Wl,--enable-auto-import -Wl,--enable-runtime-pseudo-reloc -Wl,--allow-multiple-definition -Wl,--enable-stdcall-fixup -LD:/Progra~1/GnuWin32/lib    conftest.c  -Wl,-s  -LD:/Progra~1/GnuWin32/lib -lgw32c  -liberty -lintl -liconv -lwsock32 -lole32 -luuid -lmsvcp60   >&5
conftest.c:77: warning: conflicting types for built-in function `strchr'
configure:7336: $? = 0
configure:7339: test -z 			 || test ! -s conftest.err
configure:7342: $? = 0
configure:7345: test -s conftest.exe
configure:7348: $? = 0
configure:7360: result: yes
configure:7273: checking for strdup
configure:7330: gcc -o conftest.exe  -Wall -O3 -fms-extensions -mms-bitfields -fno-exceptions -fomit-frame-pointer -march=i386 -mcpu=i686 -ffast-math     -D__GW32__ -D_LARGEFILE_SOURCE=1 -D_LARGEFILE64_SOURCE=1 -D_FILE_OFFSET_BITS=64 -D__GETOPT_H__ -D__UNISTD_GETOPT__     -idirafter D:/Progra~1/GnuWin32/include -idirafter g:/glibc/include     -Wl,-s -Wl,--force-exe-suffix -Wl,--enable-auto-import -Wl,--enable-runtime-pseudo-reloc -Wl,--allow-multiple-definition -Wl,--enable-stdcall-fixup -LD:/Progra~1/GnuWin32/lib    conftest.c  -Wl,-s  -LD:/Progra~1/GnuWin32/lib -lgw32c  -liberty -lintl -liconv -lwsock32 -lole32 -luuid -lmsvcp60   >&5
configure:7336: $? = 0
configure:7339: test -z 			 || test ! -s conftest.err
configure:7342: $? = 0
configure:7345: test -s conftest.exe
configure:7348: $? = 0
configure:7360: result: yes
configure:7273: checking for memcpy
configure:7330: gcc -o conftest.exe  -Wall -O3 -fms-extensions -mms-bitfields -fno-exceptions -fomit-frame-pointer -march=i386 -mcpu=i686 -ffast-math     -D__GW32__ -D_LARGEFILE_SOURCE=1 -D_LARGEFILE64_SOURCE=1 -D_FILE_OFFSET_BITS=64 -D__GETOPT_H__ -D__UNISTD_GETOPT__     -idirafter D:/Progra~1/GnuWin32/include -idirafter g:/glibc/include     -Wl,-s -Wl,--force-exe-suffix -Wl,--enable-auto-import -Wl,--enable-runtime-pseudo-reloc -Wl,--allow-multiple-definition -Wl,--enable-stdcall-fixup -LD:/Progra~1/GnuWin32/lib    conftest.c  -Wl,-s  -LD:/Progra~1/GnuWin32/lib -lgw32c  -liberty -lintl -liconv -lwsock32 -lole32 -luuid -lmsvcp60   >&5
conftest.c:79: warning: conflicting types for built-in function `memcpy'
configure:7336: $? = 0
configure:7339: test -z 			 || test ! -s conftest.err
configure:7342: $? = 0
configure:7345: test -s conftest.exe
configure:7348: $? = 0
configure:7360: result: yes
configure:7273: checking for memset
configure:7330: gcc -o conftest.exe  -Wall -O3 -fms-extensions -mms-bitfields -fno-exceptions -fomit-frame-pointer -march=i386 -mcpu=i686 -ffast-math     -D__GW32__ -D_LARGEFILE_SOURCE=1 -D_LARGEFILE64_SOURCE=1 -D_FILE_OFFSET_BITS=64 -D__GETOPT_H__ -D__UNISTD_GETOPT__     -idirafter D:/Progra~1/GnuWin32/include -idirafter g:/glibc/include     -Wl,-s -Wl,--force-exe-suffix -Wl,--enable-auto-import -Wl,--enable-runtime-pseudo-reloc -Wl,--allow-multiple-definition -Wl,--enable-stdcall-fixup -LD:/Progra~1/GnuWin32/lib    conftest.c  -Wl,-s  -LD:/Progra~1/GnuWin32/lib -lgw32c  -liberty -lintl -liconv -lwsock32 -lole32 -luuid -lmsvcp60   >&5
conftest.c:80: warning: conflicting types for built-in function `memset'
configure:7336: $? = 0
configure:7339: test -z 			 || test ! -s conftest.err
configure:7342: $? = 0
configure:7345: test -s conftest.exe
configure:7348: $? = 0
configure:7360: result: yes
configure:7273: checking for memmove
configure:7330: gcc -o conftest.exe  -Wall -O3 -fms-extensions -mms-bitfields -fno-exceptions -fomit-frame-pointer -march=i386 -mcpu=i686 -ffast-math     -D__GW32__ -D_LARGEFILE_SOURCE=1 -D_LARGEFILE64_SOURCE=1 -D_FILE_OFFSET_BITS=64 -D__GETOPT_H__ -D__UNISTD_GETOPT__     -idirafter D:/Progra~1/GnuWin32/include -idirafter g:/glibc/include     -Wl,-s -Wl,--force-exe-suffix -Wl,--enable-auto-import -Wl,--enable-runtime-pseudo-reloc -Wl,--allow-multiple-definition -Wl,--enable-stdcall-fixup -LD:/Progra~1/GnuWin32/lib    conftest.c  -Wl,-s  -LD:/Progra~1/GnuWin32/lib -lgw32c  -liberty -lintl -liconv -lwsock32 -lole32 -luuid -lmsvcp60   >&5
configure:7336: $? = 0
configure:7339: test -z 			 || test ! -s conftest.err
configure:7342: $? = 0
configure:7345: test -s conftest.exe
configure:7348: $? = 0
configure:7360: result: yes
configure:7273: checking for strcasecmp
configure:7330: gcc -o conftest.exe  -Wall -O3 -fms-extensions -mms-bitfields -fno-exceptions -fomit-frame-pointer -march=i386 -mcpu=i686 -ffast-math     -D__GW32__ -D_LARGEFILE_SOURCE=1 -D_LARGEFILE64_SOURCE=1 -D_FILE_OFFSET_BITS=64 -D__GETOPT_H__ -D__UNISTD_GETOPT__     -idirafter D:/Progra~1/GnuWin32/include -idirafter g:/glibc/include     -Wl,-s -Wl,--force-exe-suffix -Wl,--enable-auto-import -Wl,--enable-runtime-pseudo-reloc -Wl,--allow-multiple-definition -Wl,--enable-stdcall-fixup -LD:/Progra~1/GnuWin32/lib    conftest.c  -Wl,-s  -LD:/Progra~1/GnuWin32/lib -lgw32c  -liberty -lintl -liconv -lwsock32 -lole32 -luuid -lmsvcp60   >&5
configure:7336: $? = 0
configure:7339: test -z 			 || test ! -s conftest.err
configure:7342: $? = 0
configure:7345: test -s conftest.exe
configure:7348: $? = 0
configure:7360: result: yes
configure:7379: checking for mktime
configure:7436: gcc -o conftest.exe  -Wall -O3 -fms-extensions -mms-bitfields -fno-exceptions -fomit-frame-pointer -march=i386 -mcpu=i686 -ffast-math     -D__GW32__ -D_LARGEFILE_SOURCE=1 -D_LARGEFILE64_SOURCE=1 -D_FILE_OFFSET_BITS=64 -D__GETOPT_H__ -D__UNISTD_GETOPT__     -idirafter D:/Progra~1/GnuWin32/include -idirafter g:/glibc/include     -Wl,-s -Wl,--force-exe-suffix -Wl,--enable-auto-import -Wl,--enable-runtime-pseudo-reloc -Wl,--allow-multiple-definition -Wl,--enable-stdcall-fixup -LD:/Progra~1/GnuWin32/lib    conftest.c  -Wl,-s  -LD:/Progra~1/GnuWin32/lib -lgw32c  -liberty -lintl -liconv -lwsock32 -lole32 -luuid -lmsvcp60   >&5
configure:7442: $? = 0
configure:7445: test -z 			 || test ! -s conftest.err
configure:7448: $? = 0
configure:7451: test -s conftest.exe
configure:7454: $? = 0
configure:7466: result: yes
configure:7379: checking for timelocal
configure:7436: gcc -o conftest.exe  -Wall -O3 -fms-extensions -mms-bitfields -fno-exceptions -fomit-frame-pointer -march=i386 -mcpu=i686 -ffast-math     -D__GW32__ -D_LARGEFILE_SOURCE=1 -D_LARGEFILE64_SOURCE=1 -D_FILE_OFFSET_BITS=64 -D__GETOPT_H__ -D__UNISTD_GETOPT__     -idirafter D:/Progra~1/GnuWin32/include -idirafter g:/glibc/include     -Wl,-s -Wl,--force-exe-suffix -Wl,--enable-auto-import -Wl,--enable-runtime-pseudo-reloc -Wl,--allow-multiple-definition -Wl,--enable-stdcall-fixup -LD:/Progra~1/GnuWin32/lib    conftest.c  -Wl,-s  -LD:/Progra~1/GnuWin32/lib -lgw32c  -liberty -lintl -liconv -lwsock32 -lole32 -luuid -lmsvcp60   >&5
configure:7442: $? = 0
configure:7445: test -z 			 || test ! -s conftest.err
configure:7448: $? = 0
configure:7451: test -s conftest.exe
configure:7454: $? = 0
configure:7466: result: yes
configure:7379: checking for tzset
configure:7436: gcc -o conftest.exe  -Wall -O3 -fms-extensions -mms-bitfields -fno-exceptions -fomit-frame-pointer -march=i386 -mcpu=i686 -ffast-math     -D__GW32__ -D_LARGEFILE_SOURCE=1 -D_LARGEFILE64_SOURCE=1 -D_FILE_OFFSET_BITS=64 -D__GETOPT_H__ -D__UNISTD_GETOPT__     -idirafter D:/Progra~1/GnuWin32/include -idirafter g:/glibc/include     -Wl,-s -Wl,--force-exe-suffix -Wl,--enable-auto-import -Wl,--enable-runtime-pseudo-reloc -Wl,--allow-multiple-definition -Wl,--enable-stdcall-fixup -LD:/Progra~1/GnuWin32/lib    conftest.c  -Wl,-s  -LD:/Progra~1/GnuWin32/lib -lgw32c  -liberty -lintl -liconv -lwsock32 -lole32 -luuid -lmsvcp60   >&5
configure:7442: $? = 0
configure:7445: test -z 			 || test ! -s conftest.err
configure:7448: $? = 0
configure:7451: test -s conftest.exe
configure:7454: $? = 0
configure:7466: result: yes
configure:7379: checking for ftime
configure:7436: gcc -o conftest.exe  -Wall -O3 -fms-extensions -mms-bitfields -fno-exceptions -fomit-frame-pointer -march=i386 -mcpu=i686 -ffast-math     -D__GW32__ -D_LARGEFILE_SOURCE=1 -D_LARGEFILE64_SOURCE=1 -D_FILE_OFFSET_BITS=64 -D__GETOPT_H__ -D__UNISTD_GETOPT__     -idirafter D:/Progra~1/GnuWin32/include -idirafter g:/glibc/include     -Wl,-s -Wl,--force-exe-suffix -Wl,--enable-auto-import -Wl,--enable-runtime-pseudo-reloc -Wl,--allow-multiple-definition -Wl,--enable-stdcall-fixup -LD:/Progra~1/GnuWin32/lib    conftest.c  -Wl,-s  -LD:/Progra~1/GnuWin32/lib -lgw32c  -liberty -lintl -liconv -lwsock32 -lole32 -luuid -lmsvcp60   >&5
configure:7442: $? = 0
configure:7445: test -z 			 || test ! -s conftest.err
configure:7448: $? = 0
configure:7451: test -s conftest.exe
configure:7454: $? = 0
configure:7466: result: yes
configure:7379: checking for gettimeofday
configure:7436: gcc -o conftest.exe  -Wall -O3 -fms-extensions -mms-bitfields -fno-exceptions -fomit-frame-pointer -march=i386 -mcpu=i686 -ffast-math     -D__GW32__ -D_LARGEFILE_SOURCE=1 -D_LARGEFILE64_SOURCE=1 -D_FILE_OFFSET_BITS=64 -D__GETOPT_H__ -D__UNISTD_GETOPT__     -idirafter D:/Progra~1/GnuWin32/include -idirafter g:/glibc/include     -Wl,-s -Wl,--force-exe-suffix -Wl,--enable-auto-import -Wl,--enable-runtime-pseudo-reloc -Wl,--allow-multiple-definition -Wl,--enable-stdcall-fixup -LD:/Progra~1/GnuWin32/lib    conftest.c  -Wl,-s  -LD:/Progra~1/GnuWin32/lib -lgw32c  -liberty -lintl -liconv -lwsock32 -lole32 -luuid -lmsvcp60   >&5
configure:7442: $? = 0
configure:7445: test -z 			 || test ! -s conftest.err
configure:7448: $? = 0
configure:7451: test -s conftest.exe
configure:7454: $? = 0
configure:7466: result: yes
configure:7379: checking for utime
configure:7436: gcc -o conftest.exe  -Wall -O3 -fms-extensions -mms-bitfields -fno-exceptions -fomit-frame-pointer -march=i386 -mcpu=i686 -ffast-math     -D__GW32__ -D_LARGEFILE_SOURCE=1 -D_LARGEFILE64_SOURCE=1 -D_FILE_OFFSET_BITS=64 -D__GETOPT_H__ -D__UNISTD_GETOPT__     -idirafter D:/Progra~1/GnuWin32/include -idirafter g:/glibc/include     -Wl,-s -Wl,--force-exe-suffix -Wl,--enable-auto-import -Wl,--enable-runtime-pseudo-reloc -Wl,--allow-multiple-definition -Wl,--enable-stdcall-fixup -LD:/Progra~1/GnuWin32/lib    conftest.c  -Wl,-s  -LD:/Progra~1/GnuWin32/lib -lgw32c  -liberty -lintl -liconv -lwsock32 -lole32 -luuid -lmsvcp60   >&5
configure:7442: $? = 0
configure:7445: test -z 			 || test ! -s conftest.err
configure:7448: $? = 0
configure:7451: test -s conftest.exe
configure:7454: $? = 0
configure:7466: result: yes
configure:7484: checking for ftruncate
configure:7571: result: yes
configure:7484: checking for chsize
configure:7541: gcc -o conftest.exe  -Wall -O3 -fms-extensions -mms-bitfields -fno-exceptions -fomit-frame-pointer -march=i386 -mcpu=i686 -ffast-math     -D__GW32__ -D_LARGEFILE_SOURCE=1 -D_LARGEFILE64_SOURCE=1 -D_FILE_OFFSET_BITS=64 -D__GETOPT_H__ -D__UNISTD_GETOPT__     -idirafter D:/Progra~1/GnuWin32/include -idirafter g:/glibc/include     -Wl,-s -Wl,--force-exe-suffix -Wl,--enable-auto-import -Wl,--enable-runtime-pseudo-reloc -Wl,--allow-multiple-definition -Wl,--enable-stdcall-fixup -LD:/Progra~1/GnuWin32/lib    conftest.c  -Wl,-s  -LD:/Progra~1/GnuWin32/lib -lgw32c  -liberty -lintl -liconv -lwsock32 -lole32 -luuid -lmsvcp60   >&5
configure:7547: $? = 0
configure:7550: test -z 			 || test ! -s conftest.err
configure:7553: $? = 0
configure:7556: test -s conftest.exe
configure:7559: $? = 0
configure:7571: result: yes
configure:7484: checking for lchown
configure:7541: gcc -o conftest.exe  -Wall -O3 -fms-extensions -mms-bitfields -fno-exceptions -fomit-frame-pointer -march=i386 -mcpu=i686 -ffast-math     -D__GW32__ -D_LARGEFILE_SOURCE=1 -D_LARGEFILE64_SOURCE=1 -D_FILE_OFFSET_BITS=64 -D__GETOPT_H__ -D__UNISTD_GETOPT__     -idirafter D:/Progra~1/GnuWin32/include -idirafter g:/glibc/include     -Wl,-s -Wl,--force-exe-suffix -Wl,--enable-auto-import -Wl,--enable-runtime-pseudo-reloc -Wl,--allow-multiple-definition -Wl,--enable-stdcall-fixup -LD:/Progra~1/GnuWin32/lib    conftest.c  -Wl,-s  -LD:/Progra~1/GnuWin32/lib -lgw32c  -liberty -lintl -liconv -lwsock32 -lole32 -luuid -lmsvcp60   >&5
configure:7547: $? = 0
configure:7550: test -z 			 || test ! -s conftest.err
configure:7553: $? = 0
configure:7556: test -s conftest.exe
configure:7559: $? = 0
configure:7571: result: yes
configure:7484: checking for mkstemp
configure:7571: result: yes
configure:7484: checking for ftello
configure:7541: gcc -o conftest.exe  -Wall -O3 -fms-extensions -mms-bitfields -fno-exceptions -fomit-frame-pointer -march=i386 -mcpu=i686 -ffast-math     -D__GW32__ -D_LARGEFILE_SOURCE=1 -D_LARGEFILE64_SOURCE=1 -D_FILE_OFFSET_BITS=64 -D__GETOPT_H__ -D__UNISTD_GETOPT__     -idirafter D:/Progra~1/GnuWin32/include -idirafter g:/glibc/include     -Wl,-s -Wl,--force-exe-suffix -Wl,--enable-auto-import -Wl,--enable-runtime-pseudo-reloc -Wl,--allow-multiple-definition -Wl,--enable-stdcall-fixup -LD:/Progra~1/GnuWin32/lib    conftest.c  -Wl,-s  -LD:/Progra~1/GnuWin32/lib -lgw32c  -liberty -lintl -liconv -lwsock32 -lole32 -luuid -lmsvcp60   >&5
configure:7547: $? = 0
configure:7550: test -z 			 || test ! -s conftest.err
configure:7553: $? = 0
configure:7556: test -s conftest.exe
configure:7559: $? = 0
configure:7571: result: yes
configure:7588: checking for getpwuid
configure:7645: gcc -o conftest.exe  -Wall -O3 -fms-extensions -mms-bitfields -fno-exceptions -fomit-frame-pointer -march=i386 -mcpu=i686 -ffast-math     -D__GW32__ -D_LARGEFILE_SOURCE=1 -D_LARGEFILE64_SOURCE=1 -D_FILE_OFFSET_BITS=64 -D__GETOPT_H__ -D__UNISTD_GETOPT__     -idirafter D:/Progra~1/GnuWin32/include -idirafter g:/glibc/include     -Wl,-s -Wl,--force-exe-suffix -Wl,--enable-auto-import -Wl,--enable-runtime-pseudo-reloc -Wl,--allow-multiple-definition -Wl,--enable-stdcall-fixup -LD:/Progra~1/GnuWin32/lib    conftest.c  -Wl,-s  -LD:/Progra~1/GnuWin32/lib -lgw32c  -liberty -lintl -liconv -lwsock32 -lole32 -luuid -lmsvcp60   >&5
configure:7651: $? = 0
configure:7654: test -z 			 || test ! -s conftest.err
configure:7657: $? = 0
configure:7660: test -s conftest.exe
configure:7663: $? = 0
configure:7675: result: yes
configure:7588: checking for getgrgid
configure:7645: gcc -o conftest.exe  -Wall -O3 -fms-extensions -mms-bitfields -fno-exceptions -fomit-frame-pointer -march=i386 -mcpu=i686 -ffast-math     -D__GW32__ -D_LARGEFILE_SOURCE=1 -D_LARGEFILE64_SOURCE=1 -D_FILE_OFFSET_BITS=64 -D__GETOPT_H__ -D__UNISTD_GETOPT__     -idirafter D:/Progra~1/GnuWin32/include -idirafter g:/glibc/include     -Wl,-s -Wl,--force-exe-suffix -Wl,--enable-auto-import -Wl,--enable-runtime-pseudo-reloc -Wl,--allow-multiple-definition -Wl,--enable-stdcall-fixup -LD:/Progra~1/GnuWin32/lib    conftest.c  -Wl,-s  -LD:/Progra~1/GnuWin32/lib -lgw32c  -liberty -lintl -liconv -lwsock32 -lole32 -luuid -lmsvcp60   >&5
configure:7651: $? = 0
configure:7654: test -z 			 || test ! -s conftest.err
configure:7657: $? = 0
configure:7660: test -s conftest.exe
configure:7663: $? = 0
configure:7675: result: yes
configure:7588: checking for getpwnam
configure:7645: gcc -o conftest.exe  -Wall -O3 -fms-extensions -mms-bitfields -fno-exceptions -fomit-frame-pointer -march=i386 -mcpu=i686 -ffast-math     -D__GW32__ -D_LARGEFILE_SOURCE=1 -D_LARGEFILE64_SOURCE=1 -D_FILE_OFFSET_BITS=64 -D__GETOPT_H__ -D__UNISTD_GETOPT__     -idirafter D:/Progra~1/GnuWin32/include -idirafter g:/glibc/include     -Wl,-s -Wl,--force-exe-suffix -Wl,--enable-auto-import -Wl,--enable-runtime-pseudo-reloc -Wl,--allow-multiple-definition -Wl,--enable-stdcall-fixup -LD:/Progra~1/GnuWin32/lib    conftest.c  -Wl,-s  -LD:/Progra~1/GnuWin32/lib -lgw32c  -liberty -lintl -liconv -lwsock32 -lole32 -luuid -lmsvcp60   >&5
configure:7651: $? = 0
configure:7654: test -z 			 || test ! -s conftest.err
configure:7657: $? = 0
configure:7660: test -s conftest.exe
configure:7663: $? = 0
configure:7675: result: yes
configure:7588: checking for getgrnam
configure:7645: gcc -o conftest.exe  -Wall -O3 -fms-extensions -mms-bitfields -fno-exceptions -fomit-frame-pointer -march=i386 -mcpu=i686 -ffast-math     -D__GW32__ -D_LARGEFILE_SOURCE=1 -D_LARGEFILE64_SOURCE=1 -D_FILE_OFFSET_BITS=64 -D__GETOPT_H__ -D__UNISTD_GETOPT__     -idirafter D:/Progra~1/GnuWin32/include -idirafter g:/glibc/include     -Wl,-s -Wl,--force-exe-suffix -Wl,--enable-auto-import -Wl,--enable-runtime-pseudo-reloc -Wl,--allow-multiple-definition -Wl,--enable-stdcall-fixup -LD:/Progra~1/GnuWin32/lib    conftest.c  -Wl,-s  -LD:/Progra~1/GnuWin32/lib -lgw32c  -liberty -lintl -liconv -lwsock32 -lole32 -luuid -lmsvcp60   >&5
configure:7651: $? = 0
configure:7654: test -z 			 || test ! -s conftest.err
configure:7657: $? = 0
configure:7660: test -s conftest.exe
configure:7663: $? = 0
configure:7675: result: yes
configure:7690: checking for iconv
configure:7747: gcc -o conftest.exe  -Wall -O3 -fms-extensions -mms-bitfields -fno-exceptions -fomit-frame-pointer -march=i386 -mcpu=i686 -ffast-math     -D__GW32__ -D_LARGEFILE_SOURCE=1 -D_LARGEFILE64_SOURCE=1 -D_FILE_OFFSET_BITS=64 -D__GETOPT_H__ -D__UNISTD_GETOPT__     -idirafter D:/Progra~1/GnuWin32/include -idirafter g:/glibc/include     -Wl,-s -Wl,--force-exe-suffix -Wl,--enable-auto-import -Wl,--enable-runtime-pseudo-reloc -Wl,--allow-multiple-definition -Wl,--enable-stdcall-fixup -LD:/Progra~1/GnuWin32/lib    conftest.c  -Wl,-s  -LD:/Progra~1/GnuWin32/lib -lgw32c  -liberty -lintl -liconv -lwsock32 -lole32 -luuid -lmsvcp60   >&5
l:\TEMP/ccoHbaaa.o(.text+0x1d):conftest.c: undefined reference to `iconv'
l:\TEMP/ccoHbaaa.o(.data+0x0):conftest.c: undefined reference to `iconv'
configure:7753: $? = 1
configure: failed program was:
| /* confdefs.h.  */
| 
| #define PACKAGE_NAME "LHa for UNIX"
| #define PACKAGE_TARNAME "lha"
| #define PACKAGE_VERSION "1.14i-ac20050924"
| #define PACKAGE_STRING "LHa for UNIX 1.14i-ac20050924"
| #define PACKAGE_BUGREPORT "jca02266@nifty.com"
| #define PACKAGE "lha"
| #define VERSION "1.14i-ac20050924"
| #define PLATFORM "i386-pc-mingw32"
| #define STDC_HEADERS 1
| #define HAVE_SYS_TYPES_H 1
| #define HAVE_SYS_STAT_H 1
| #define HAVE_STDLIB_H 1
| #define HAVE_STRING_H 1
| #define HAVE_MEMORY_H 1
| #define HAVE_STRINGS_H 1
| #define HAVE_INTTYPES_H 1
| #define HAVE_STDINT_H 1
| #define HAVE_UNISTD_H 1
| #define PROTOTYPES 1
| #define STDC_HEADERS 1
| #define HAVE_STRING_H 1
| #define _FILE_OFFSET_BITS 64
| #define _LARGE_FILES 1
| #define HAVE_DIRENT_H 1
| #define STDC_HEADERS 1
| #define HAVE_FCNTL_H 1
| #define HAVE_LIMITS_H 1
| #define HAVE_SYS_FILE_H 1
| #define HAVE_SYS_PARAM_H 1
| #define HAVE_SYS_TIME_H 1
| #define HAVE_PWD_H 1
| #define HAVE_GRP_H 1
| #define HAVE_UTIME_H 1
| #define HAVE_INTTYPES_H 1
| #define HAVE_STDINT_H 1
| #define HAVE_FNMATCH_H 1
| #define TIME_WITH_SYS_TIME 1
| #define HAVE_TZNAME 1
| #define SIZEOF_LONG 4
| #define HAVE_UID_T 1
| #define HAVE_GID_T 1
| #define HAVE_LONG_LONG 1
| #define HAVE_UINT64_T 1
| #define HAVE_SSIZE_T 1
| #define HAVE_STRUCT_STAT_ST_INO 1
| #define RETSIGTYPE void
| #define HAVE_UTIME_NULL 1
| #define _LARGEFILE_SOURCE 1
| #define HAVE_FSEEKO 1
| #define HAVE_STRCHR 1
| #define HAVE_STRDUP 1
| #define HAVE_MEMCPY 1
| #define HAVE_MEMSET 1
| #define HAVE_MEMMOVE 1
| #define HAVE_STRCASECMP 1
| #define HAVE_MKTIME 1
| #define HAVE_TIMELOCAL 1
| #define HAVE_TZSET 1
| #define HAVE_FTIME 1
| #define HAVE_GETTIMEOFDAY 1
| #define HAVE_UTIME 1
| #define HAVE_FTRUNCATE 1
| #define HAVE_CHSIZE 1
| #define HAVE_LCHOWN 1
| #define HAVE_MKSTEMP 1
| #define HAVE_FTELLO 1
| #define HAVE_GETPWUID 1
| #define HAVE_GETGRGID 1
| #define HAVE_GETPWNAM 1
| #define HAVE_GETGRNAM 1
| /* end confdefs.h.  */
| /* Define iconv to an innocuous variant, in case <limits.h> declares iconv.
|    For example, HP-UX 11i <limits.h> declares gettimeofday.  */
| #define iconv innocuous_iconv
| 
| /* System header to define __stub macros and hopefully few prototypes,
|     which can conflict with char iconv (); below.
|     Prefer <limits.h> to <assert.h> if __STDC__ is defined, since
|     <limits.h> exists even on freestanding compilers.  */
| 
| #ifdef __STDC__
| # include <limits.h>
| #else
| # include <assert.h>
| #endif
| 
| #undef iconv
| 
| /* Override any gcc2 internal prototype to avoid an error.  */
| #ifdef __cplusplus
| extern "C"
| {
| #endif
| /* We use char because int might match the return type of a gcc2
|    builtin and then its argument prototype would still apply.  */
| char iconv ();
| /* The GNU C library defines this for functions which it implements
|     to always fail with ENOSYS.  Some functions are actually named
|     something starting with __ and the normal name is an alias.  */
| #if defined (__stub_iconv) || defined (__stub___iconv)
| choke me
| #else
| char (*f) () = iconv;
| #endif
| #ifdef __cplusplus
| }
| #endif
| 
| int
| main ()
| {
| return f != iconv;
|   ;
|   return 0;
| }
configure:7777: result: no
configure:7690: checking for basename
configure:7747: gcc -o conftest.exe  -Wall -O3 -fms-extensions -mms-bitfields -fno-exceptions -fomit-frame-pointer -march=i386 -mcpu=i686 -ffast-math     -D__GW32__ -D_LARGEFILE_SOURCE=1 -D_LARGEFILE64_SOURCE=1 -D_FILE_OFFSET_BITS=64 -D__GETOPT_H__ -D__UNISTD_GETOPT__     -idirafter D:/Progra~1/GnuWin32/include -idirafter g:/glibc/include     -Wl,-s -Wl,--force-exe-suffix -Wl,--enable-auto-import -Wl,--enable-runtime-pseudo-reloc -Wl,--allow-multiple-definition -Wl,--enable-stdcall-fixup -LD:/Progra~1/GnuWin32/lib    conftest.c  -Wl,-s  -LD:/Progra~1/GnuWin32/lib -lgw32c  -liberty -lintl -liconv -lwsock32 -lole32 -luuid -lmsvcp60   >&5
configure:7753: $? = 0
configure:7756: test -z 			 || test ! -s conftest.err
configure:7759: $? = 0
configure:7762: test -s conftest.exe
configure:7765: $? = 0
configure:7777: result: yes
configure:7792: checking for vsnprintf
configure:7849: gcc -o conftest.exe  -Wall -O3 -fms-extensions -mms-bitfields -fno-exceptions -fomit-frame-pointer -march=i386 -mcpu=i686 -ffast-math     -D__GW32__ -D_LARGEFILE_SOURCE=1 -D_LARGEFILE64_SOURCE=1 -D_FILE_OFFSET_BITS=64 -D__GETOPT_H__ -D__UNISTD_GETOPT__     -idirafter D:/Progra~1/GnuWin32/include -idirafter g:/glibc/include     -Wl,-s -Wl,--force-exe-suffix -Wl,--enable-auto-import -Wl,--enable-runtime-pseudo-reloc -Wl,--allow-multiple-definition -Wl,--enable-stdcall-fixup -LD:/Progra~1/GnuWin32/lib    conftest.c  -Wl,-s  -LD:/Progra~1/GnuWin32/lib -lgw32c  -liberty -lintl -liconv -lwsock32 -lole32 -luuid -lmsvcp60   >&5
conftest.c:99: warning: conflicting types for built-in function `vsnprintf'
configure:7855: $? = 0
configure:7858: test -z 			 || test ! -s conftest.err
configure:7861: $? = 0
configure:7864: test -s conftest.exe
configure:7867: $? = 0
configure:7879: result: yes
configure:7792: checking for fnmatch
configure:7849: gcc -o conftest.exe  -Wall -O3 -fms-extensions -mms-bitfields -fno-exceptions -fomit-frame-pointer -march=i386 -mcpu=i686 -ffast-math     -D__GW32__ -D_LARGEFILE_SOURCE=1 -D_LARGEFILE64_SOURCE=1 -D_FILE_OFFSET_BITS=64 -D__GETOPT_H__ -D__UNISTD_GETOPT__     -idirafter D:/Progra~1/GnuWin32/include -idirafter g:/glibc/include     -Wl,-s -Wl,--force-exe-suffix -Wl,--enable-auto-import -Wl,--enable-runtime-pseudo-reloc -Wl,--allow-multiple-definition -Wl,--enable-stdcall-fixup -LD:/Progra~1/GnuWin32/lib    conftest.c  -Wl,-s  -LD:/Progra~1/GnuWin32/lib -lgw32c  -liberty -lintl -liconv -lwsock32 -lole32 -luuid -lmsvcp60   >&5
configure:7855: $? = 0
configure:7858: test -z 			 || test ! -s conftest.err
configure:7861: $? = 0
configure:7864: test -s conftest.exe
configure:7867: $? = 0
configure:7879: result: yes
configure:7911: checking whether basename is declared
configure:7935: gcc -c  -Wall -O3 -fms-extensions -mms-bitfields -fno-exceptions -fomit-frame-pointer -march=i386 -mcpu=i686 -ffast-math     -D__GW32__ -D_LARGEFILE_SOURCE=1 -D_LARGEFILE64_SOURCE=1 -D_FILE_OFFSET_BITS=64 -D__GETOPT_H__ -D__UNISTD_GETOPT__     -idirafter D:/Progra~1/GnuWin32/include -idirafter g:/glibc/include    conftest.c >&5
conftest.c: In function `main':
conftest.c:115: warning: unused variable `p'
configure:7941: $? = 0
configure:7944: test -z 			 || test ! -s conftest.err
configure:7947: $? = 0
configure:7950: test -s conftest.o
configure:7953: $? = 0
configure:7964: result: yes
configure:7984: checking whether strchr()/strrchr() is 8bit clean
configure:8021: gcc -o conftest.exe  -Wall -O3 -fms-extensions -mms-bitfields -fno-exceptions -fomit-frame-pointer -march=i386 -mcpu=i686 -ffast-math     -D__GW32__ -D_LARGEFILE_SOURCE=1 -D_LARGEFILE64_SOURCE=1 -D_FILE_OFFSET_BITS=64 -D__GETOPT_H__ -D__UNISTD_GETOPT__     -idirafter D:/Progra~1/GnuWin32/include -idirafter g:/glibc/include     -Wl,-s -Wl,--force-exe-suffix -Wl,--enable-auto-import -Wl,--enable-runtime-pseudo-reloc -Wl,--allow-multiple-definition -Wl,--enable-stdcall-fixup -LD:/Progra~1/GnuWin32/lib    conftest.c  -Wl,-s  -LD:/Progra~1/GnuWin32/lib -lgw32c  -liberty -lintl -liconv -lwsock32 -lole32 -luuid -lmsvcp60   >&5
conftest.c:90: warning: return type defaults to `int'
conftest.c: In function `main':
conftest.c:92: warning: implicit declaration of function `exit'
configure:8024: $? = 0
configure:8026: ./conftest.exe
configure:8029: $? = 0
configure:8043: result: yes
configure:8056: checking whether the 2nd argument of gettimeofday() is effective
configure:8098: gcc -o conftest.exe  -Wall -O3 -fms-extensions -mms-bitfields -fno-exceptions -fomit-frame-pointer -march=i386 -mcpu=i686 -ffast-math     -D__GW32__ -D_LARGEFILE_SOURCE=1 -D_LARGEFILE64_SOURCE=1 -D_FILE_OFFSET_BITS=64 -D__GETOPT_H__ -D__UNISTD_GETOPT__     -idirafter D:/Progra~1/GnuWin32/include -idirafter g:/glibc/include     -Wl,-s -Wl,--force-exe-suffix -Wl,--enable-auto-import -Wl,--enable-runtime-pseudo-reloc -Wl,--allow-multiple-definition -Wl,--enable-stdcall-fixup -LD:/Progra~1/GnuWin32/lib    conftest.c  -Wl,-s  -LD:/Progra~1/GnuWin32/lib -lgw32c  -liberty -lintl -liconv -lwsock32 -lole32 -luuid -lmsvcp60   >&5
conftest.c:92: warning: return type defaults to `int'
conftest.c: In function `main':
conftest.c:98: warning: implicit declaration of function `exit'
configure:8101: $? = 0
configure:8103: ./conftest.exe
configure:8106: $? = 0
configure:8120: result: yes
configure:8133: checking kanji code conversion on text file
configure:8143: result: yes
configure:8154: checking default archive method
configure:8169: result: -lh5-
configure:8178: checking template of the temporary file
configure:8192: result: lhXXXXXX
configure:8203: checking whether incremental indicator is needed
configure:8214: result: yes
configure:8225: checking kanji code of filename
configure:8284: result: CODE_SJIS
configure:8302: checking whether user/group name extended header is needed
configure:8313: result: yes
configure:8324: checking whether backup file for old archive is left
configure:8335: result: yes
configure:8347: checking whether enable -X option which ignore dot files
configure:8358: result: no
configure:8481: creating ./config.status

## ---------------------- ##
## Running config.status. ##
## ---------------------- ##

This file was extended by LHa for UNIX config.status 1.14i-ac20050924, which was
generated by GNU Autoconf 2.59.  Invocation command line was

  CONFIG_FILES    = 
  CONFIG_HEADERS  = 
  CONFIG_LINKS    = 
  CONFIG_COMMANDS = 
  $ ./config.status 

on gamma

config.status:746: creating Makefile
config.status:746: creating src/Makefile
config.status:746: creating man/Makefile
config.status:746: creating olddoc/Makefile
config.status:746: creating tests/Makefile
config.status:746: creating tests/lha-test
config.status:805: creating config.h
config.status:1257: executing depfiles commands

## ---------------- ##
## Cache variables. ##
## ---------------- ##

ac_cv_build=i386-pc-mingw32
ac_cv_build_alias=i386-pc-mingw32
ac_cv_c_compiler_gnu=yes
ac_cv_c_const=yes
ac_cv_env_CC_set=
ac_cv_env_CC_value=
ac_cv_env_CFLAGS_set=
ac_cv_env_CFLAGS_value=
ac_cv_env_CPPFLAGS_set=
ac_cv_env_CPPFLAGS_value=
ac_cv_env_CPP_set=
ac_cv_env_CPP_value=
ac_cv_env_LDFLAGS_set=
ac_cv_env_LDFLAGS_value=
ac_cv_env_build_alias_set=
ac_cv_env_build_alias_value=
ac_cv_env_host_alias_set=
ac_cv_env_host_alias_value=
ac_cv_env_target_alias_set=
ac_cv_env_target_alias_value=
ac_cv_exeext=.exe
ac_cv_func_basename=yes
ac_cv_func_chsize=yes
ac_cv_func_connect=yes
ac_cv_func_fchdir=no
ac_cv_func_fnmatch=yes
ac_cv_func_fnmatch_works=no
ac_cv_func_fork=no
ac_cv_func_fseeko=yes
ac_cv_func_ftello=yes
ac_cv_func_ftime=yes
ac_cv_func_ftruncate=yes
ac_cv_func_getgrgid=yes
ac_cv_func_getgrnam=yes
ac_cv_func_gethostbyaddr=yes
ac_cv_func_gethostbyname=yes
ac_cv_func_gethostname=yes
ac_cv_func_getpwnam=yes
ac_cv_func_getpwuid=yes
ac_cv_func_gettimeofday=yes
ac_cv_func_iconv=no
ac_cv_func_inet_ntoa=yes
ac_cv_func_lchown=yes
ac_cv_func_memcpy=yes
ac_cv_func_memmove=yes
ac_cv_func_memset=yes
ac_cv_func_mkstemp=yes
ac_cv_func_mktime=yes
ac_cv_func_strcasecmp=yes
ac_cv_func_strchr=yes
ac_cv_func_strdup=yes
ac_cv_func_timelocal=yes
ac_cv_func_tzset=yes
ac_cv_func_utime=yes
ac_cv_func_utime_null=yes
ac_cv_func_vfork=no
ac_cv_func_vsnprintf=yes
ac_cv_func_working_mktime=yes
ac_cv_have_decl_basename=yes
ac_cv_header_dirent_dirent_h=yes
ac_cv_header_fcntl_h=yes
ac_cv_header_fnmatch_h=yes
ac_cv_header_grp_h=yes
ac_cv_header_inttypes_h=yes
ac_cv_header_limits_h=yes
ac_cv_header_memory_h=yes
ac_cv_header_minix_config_h=no
ac_cv_header_pwd_h=yes
ac_cv_header_stdc=yes
ac_cv_header_stdint_h=yes
ac_cv_header_stdlib_h=yes
ac_cv_header_string_h=yes
ac_cv_header_strings_h=yes
ac_cv_header_sys_file_h=yes
ac_cv_header_sys_param_h=yes
ac_cv_header_sys_stat_h=yes
ac_cv_header_sys_time_h=yes
ac_cv_header_sys_types_h=yes
ac_cv_header_time=yes
ac_cv_header_unistd_h=yes
ac_cv_header_utime_h=yes
ac_cv_host=i386-pc-mingw32
ac_cv_host_alias=i386-pc-mingw32
ac_cv_member_struct_stat_st_ino=yes
ac_cv_member_struct_tm_tm_gmtoff=no
ac_cv_member_struct_tm_tm_zone=no
ac_cv_objext=o
ac_cv_prog_AWK=gawk
ac_cv_prog_CPP='gcc -E'
ac_cv_prog_LN_S='cp -fp'
ac_cv_prog_ac_ct_CC=gcc
ac_cv_prog_cc_g=yes
ac_cv_prog_cc_stdc=
ac_cv_prog_egrep='grep -E'
ac_cv_prog_gcc_traditional=no
ac_cv_prog_make_make_set=yes
ac_cv_search_opendir='none required'
ac_cv_sizeof_long=4
ac_cv_struct_tm=time.h
ac_cv_sys_file_offset_bits=64
ac_cv_sys_large_files=1
ac_cv_sys_largefile_CC=no
ac_cv_sys_largefile_source=1
ac_cv_target=i386-pc-mingw32
ac_cv_target_alias=i386-pc-mingw32
ac_cv_type_gid_t=yes
ac_cv_type_long=yes
ac_cv_type_long_long=yes
ac_cv_type_signal=void
ac_cv_type_ssize_t=yes
ac_cv_type_uid_t=yes
ac_cv_type_uint64_t=yes
ac_cv_var_tzname=yes
am_cv_CC_dependencies_compiler_type=gcc3
am_cv_prog_cc_stdc=
cl_cv_prog_LN='cp -fp'
cl_cv_prog_LN_S='cp -fp'
gl_cv_func_chown_follows_symlink=yes
gl_cv_func_getcwd_null=yes
lha_cv_func_gettimeofday_2nd_arg=yes
lha_cv_func_strchr_8bit_clean=yes
nls_cv_use_gnu_gettext=yes

## ----------------- ##
## Output variables. ##
## ----------------- ##

ACLOCAL='${SHELL} /cygdrive/j/Archivers/lha/1.14i-ac20050924/lha-1.14i-ac20050924-src/missing --run aclocal-1.7'
AMDEPBACKSLASH='\'
AMDEP_FALSE='#'
AMDEP_TRUE=''
AMTAR='${SHELL} /cygdrive/j/Archivers/lha/1.14i-ac20050924/lha-1.14i-ac20050924-src/missing --run tar'
ANSI2KNR=''
AUTOCONF='${SHELL} /cygdrive/j/Archivers/lha/1.14i-ac20050924/lha-1.14i-ac20050924-src/missing --run autoconf'
AUTOHEADER='${SHELL} /cygdrive/j/Archivers/lha/1.14i-ac20050924/lha-1.14i-ac20050924-src/missing --run autoheader'
AUTOMAKE='${SHELL} /cygdrive/j/Archivers/lha/1.14i-ac20050924/lha-1.14i-ac20050924-src/missing --run automake-1.7'
AWK='gawk'
CC='gcc'
CCDEPMODE='depmode=gcc3'
CFLAGS=' -Wall -O3 -fms-extensions -mms-bitfields -fno-exceptions -fomit-frame-pointer -march=i386 -mcpu=i686 -ffast-math  '
CPP='gcc -E'
CPPFLAGS='  -D__GW32__ -D_LARGEFILE_SOURCE=1 -D_LARGEFILE64_SOURCE=1 -D_FILE_OFFSET_BITS=64 -D__GETOPT_H__ -D__UNISTD_GETOPT__     -idirafter D:/Progra~1/GnuWin32/include -idirafter g:/glibc/include   '
CYGPATH_W='cygpath -w'
DEFS='-DHAVE_CONFIG_H'
DEF_KCODE='-DEUC'
DEPDIR='.deps'
ECHO_C=''
ECHO_N='-n'
ECHO_T=''
EGREP='grep -E'
EXEEXT='.exe'
INSTALL_DATA='/bin/install.exe -cp'
INSTALL_PROGRAM='/bin/install.exe -cp'
INSTALL_SCRIPT='${INSTALL}'
INSTALL_STRIP_PROGRAM='${SHELL} $(install_sh) -c -s'
LDFLAGS=' -Wl,-s -Wl,--force-exe-suffix -Wl,--enable-auto-import -Wl,--enable-runtime-pseudo-reloc -Wl,--allow-multiple-definition -Wl,--enable-stdcall-fixup -LD:/Progra~1/GnuWin32/lib   '
LIBOBJS=''
LIBS=' -Wl,-s  -LD:/Progra~1/GnuWin32/lib -lgw32c  -liberty -lintl -liconv -lwsock32 -lole32 -luuid -lmsvcp60  '
LTLIBOBJS=''
MAKEINFO='${SHELL} /cygdrive/j/Archivers/lha/1.14i-ac20050924/lha-1.14i-ac20050924-src/missing --run makeinfo'
OBJEXT='o'
PACKAGE='lha'
PACKAGE_BUGREPORT='jca02266@nifty.com'
PACKAGE_NAME='LHa for UNIX'
PACKAGE_STRING='LHa for UNIX 1.14i-ac20050924'
PACKAGE_TARNAME='lha'
PACKAGE_VERSION='1.14i-ac20050924'
PATH_SEPARATOR=':'
SET_MAKE=''
SHELL='/bin/sh'
STRIP=''
SUPPORT_LZHUFF_METHOD='-DSUPPORT_LH7'
U=''
VERSION='1.14i-ac20050924'
ac_ct_CC='gcc'
ac_ct_STRIP=''
am__fastdepCC_FALSE='#'
am__fastdepCC_TRUE=''
am__include='include'
am__leading_dot='.'
am__quote=''
bindir='${exec_prefix}/bin'
build='i386-pc-mingw32'
build_alias='i386-pc-mingw32'
build_cpu='i386'
build_os='mingw32'
build_vendor='pc'
datadir='${prefix}/share'
exec_prefix='${prefix}'
host='i386-pc-mingw32'
host_alias='i386-pc-mingw32'
host_cpu='i386'
host_os='mingw32'
host_vendor='pc'
includedir='${prefix}/include'
infodir='${prefix}/info'
install_sh='/cygdrive/j/Archivers/lha/1.14i-ac20050924/lha-1.14i-ac20050924-src/install-sh'
libdir='${exec_prefix}/lib'
libexecdir='${exec_prefix}/libexec'
localstatedir='${prefix}/var'
mandir='${prefix}/man'
oldincludedir='/usr/include'
prefix='c:/progra~1/Lha'
program_transform_name='s,$$,,;s,^,,;s/i386-pc-mingw32//'
sbindir='${exec_prefix}/sbin'
sharedstatedir='${prefix}/com'
sysconfdir='${prefix}/etc'
target='i386-pc-mingw32'
target_alias='i386-pc-mingw32'
target_cpu='i386'
target_os='mingw32'
target_vendor='pc'

## ----------- ##
## confdefs.h. ##
## ----------- ##

#define BACKUP_OLD_ARCHIVE 1
#define DEFAULT_LZHUFF_METHOD LZHUFF5_METHOD_NUM
#define GETTIMEOFDAY_HAS_2ND_ARG 1
#define HAVE_BASENAME 1
#define HAVE_CHSIZE 1
#define HAVE_DECL_BASENAME 1
#define HAVE_DIRENT_H 1
#define HAVE_FCNTL_H 1
#define HAVE_FNMATCH 1
#define HAVE_FNMATCH_H 1
#define HAVE_FSEEKO 1
#define HAVE_FTELLO 1
#define HAVE_FTIME 1
#define HAVE_FTRUNCATE 1
#define HAVE_GETGRGID 1
#define HAVE_GETGRNAM 1
#define HAVE_GETPWNAM 1
#define HAVE_GETPWUID 1
#define HAVE_GETTIMEOFDAY 1
#define HAVE_GID_T 1
#define HAVE_GRP_H 1
#define HAVE_INTTYPES_H 1
#define HAVE_INTTYPES_H 1
#define HAVE_LCHOWN 1
#define HAVE_LIMITS_H 1
#define HAVE_LONG_LONG 1
#define HAVE_MEMCPY 1
#define HAVE_MEMMOVE 1
#define HAVE_MEMORY_H 1
#define HAVE_MEMSET 1
#define HAVE_MKSTEMP 1
#define HAVE_MKTIME 1
#define HAVE_PWD_H 1
#define HAVE_SSIZE_T 1
#define HAVE_STDINT_H 1
#define HAVE_STDINT_H 1
#define HAVE_STDLIB_H 1
#define HAVE_STRCASECMP 1
#define HAVE_STRCHR 1
#define HAVE_STRDUP 1
#define HAVE_STRINGS_H 1
#define HAVE_STRING_H 1
#define HAVE_STRING_H 1
#define HAVE_STRUCT_STAT_ST_INO 1
#define HAVE_SYS_FILE_H 1
#define HAVE_SYS_PARAM_H 1
#define HAVE_SYS_STAT_H 1
#define HAVE_SYS_TIME_H 1
#define HAVE_SYS_TYPES_H 1
#define HAVE_TIMELOCAL 1
#define HAVE_TZNAME 1
#define HAVE_TZSET 1
#define HAVE_UID_T 1
#define HAVE_UINT64_T 1
#define HAVE_UNISTD_H 1
#define HAVE_UTIME 1
#define HAVE_UTIME_H 1
#define HAVE_UTIME_NULL 1
#define HAVE_VSNPRINTF 1
#define INCLUDE_OWNER_NAME_IN_HEADER 1
#define MULTIBYTE_FILENAME CODE_SJIS
#define NEED_INCREMENTAL_INDICATOR 1
#define PACKAGE "lha"
#define PACKAGE_BUGREPORT "jca02266@nifty.com"
#define PACKAGE_NAME "LHa for UNIX"
#define PACKAGE_STRING "LHa for UNIX 1.14i-ac20050924"
#define PACKAGE_TARNAME "lha"
#define PACKAGE_VERSION "1.14i-ac20050924"
#define PLATFORM "i386-pc-mingw32"
#define PROTOTYPES 1
#define RETSIGTYPE void
#define SIZEOF_LONG 4
#define STDC_HEADERS 1
#define STDC_HEADERS 1
#define STDC_HEADERS 1
#define STRCHR_8BIT_CLEAN 1
#define TIME_WITH_SYS_TIME 1
#define TMP_FILENAME_TEMPLATE "lhXXXXXX"
#define VERSION "1.14i-ac20050924"
#define _FILE_OFFSET_BITS 64
#define _LARGEFILE_SOURCE 1
#define _LARGE_FILES 1

configure: exit 0

## ---------------------- ##
## Running config.status. ##
## ---------------------- ##

This file was extended by LHa for UNIX config.status 1.14i-ac20050924, which was
generated by GNU Autoconf 2.59.  Invocation command line was

  CONFIG_FILES    = 
  CONFIG_HEADERS  = 
  CONFIG_LINKS    = 
  CONFIG_COMMANDS = 
  $ ./config.status src/Makefile depfiles

on gamma

config.status:746: creating src/Makefile
config.status:1257: executing depfiles commands

## ---------------------- ##
## Running config.status. ##
## ---------------------- ##

This file was extended by LHa for UNIX config.status 1.14i-ac20050924, which was
generated by GNU Autoconf 2.59.  Invocation command line was

  CONFIG_FILES    = 
  CONFIG_HEADERS  = 
  CONFIG_LINKS    = 
  CONFIG_COMMANDS = 
  $ ./config.status src/Makefile depfiles

on gamma

config.status:746: creating src/Makefile
config.status:1257: executing depfiles commands

## ---------------------- ##
## Running config.status. ##
## ---------------------- ##

This file was extended by LHa for UNIX config.status 1.14i-ac20050924, which was
generated by GNU Autoconf 2.59.  Invocation command line was

  CONFIG_FILES    = 
  CONFIG_HEADERS  = 
  CONFIG_LINKS    = 
  CONFIG_COMMANDS = 
  $ ./config.status src/Makefile depfiles

on gamma

config.status:746: creating src/Makefile
config.status:1257: executing depfiles commands

## ---------------------- ##
## Running config.status. ##
## ---------------------- ##

This file was extended by LHa for UNIX config.status 1.14i-ac20050924, which was
generated by GNU Autoconf 2.59.  Invocation command line was

  CONFIG_FILES    = 
  CONFIG_HEADERS  = 
  CONFIG_LINKS    = 
  CONFIG_COMMANDS = 
  $ ./config.status src/Makefile depfiles

on gamma

config.status:746: creating src/Makefile
config.status:1257: executing depfiles commands
